[2026-03-10T20:53:35.154+0000] {taskinstance.py:1956} INFO - Dependencies all met for dep_context=non-requeueable deps ti=<TaskInstance: mongodb_to_postgres_etl.create_mart_user_activity manual__2026-03-10T20:53:33.662066+00:00 [queued]>
[2026-03-10T20:53:35.162+0000] {taskinstance.py:1956} INFO - Dependencies all met for dep_context=requeueable deps ti=<TaskInstance: mongodb_to_postgres_etl.create_mart_user_activity manual__2026-03-10T20:53:33.662066+00:00 [queued]>
[2026-03-10T20:53:35.162+0000] {taskinstance.py:2170} INFO - Starting attempt 1 of 2
[2026-03-10T20:53:35.173+0000] {taskinstance.py:2191} INFO - Executing <Task(PostgresOperator): create_mart_user_activity> on 2026-03-10 20:53:33.662066+00:00
[2026-03-10T20:53:35.179+0000] {standard_task_runner.py:60} INFO - Started process 316 to run task
[2026-03-10T20:53:35.183+0000] {standard_task_runner.py:87} INFO - Running: ['***', 'tasks', 'run', 'mongodb_to_postgres_etl', 'create_mart_user_activity', 'manual__2026-03-10T20:53:33.662066+00:00', '--job-id', '11', '--raw', '--subdir', 'DAGS_FOLDER/mongo_to_pg_dag.py', '--cfg-path', '/tmp/tmp80ry8h6l']
[2026-03-10T20:53:35.185+0000] {standard_task_runner.py:88} INFO - Job 11: Subtask create_mart_user_activity
[2026-03-10T20:53:35.242+0000] {task_command.py:423} INFO - Running <TaskInstance: mongodb_to_postgres_etl.create_mart_user_activity manual__2026-03-10T20:53:33.662066+00:00 [running]> on host 30c692f694c3
[2026-03-10T20:53:35.308+0000] {taskinstance.py:2480} INFO - Exporting env vars: AIRFLOW_CTX_DAG_OWNER='s.tyurin' AIRFLOW_CTX_DAG_ID='mongodb_to_postgres_etl' AIRFLOW_CTX_TASK_ID='create_mart_user_activity' AIRFLOW_CTX_EXECUTION_DATE='2026-03-10T20:53:33.662066+00:00' AIRFLOW_CTX_TRY_NUMBER='1' AIRFLOW_CTX_DAG_RUN_ID='manual__2026-03-10T20:53:33.662066+00:00'
[2026-03-10T20:53:35.309+0000] {sql.py:276} INFO - Executing: 
            DROP TABLE IF EXISTS marts.dm_user_activity;
            CREATE TABLE marts.dm_user_activity AS
            SELECT 
                user_id,
                COUNT(session_id) AS total_sessions,
                SUM(EXTRACT(EPOCH FROM (end_time::timestamp - start_time::timestamp))/60) AS total_minutes_spent,
                MODE() WITHIN GROUP (ORDER BY device) AS preferred_device
            FROM ods.user_sessions
            GROUP BY user_id;
        
[2026-03-10T20:53:35.317+0000] {base.py:83} INFO - Using connection ID 'postgres_default' for task execution.
[2026-03-10T20:53:35.325+0000] {base.py:83} INFO - Using connection ID 'postgres_default' for task execution.
[2026-03-10T20:53:35.329+0000] {sql.py:450} INFO - Running statement: 
            DROP TABLE IF EXISTS marts.dm_user_activity;
            CREATE TABLE marts.dm_user_activity AS
            SELECT 
                user_id,
                COUNT(session_id) AS total_sessions,
                SUM(EXTRACT(EPOCH FROM (end_time::timestamp - start_time::timestamp))/60) AS total_minutes_spent,
                MODE() WITHIN GROUP (ORDER BY device) AS preferred_device
            FROM ods.user_sessions
            GROUP BY user_id;
        , parameters: None
[2026-03-10T20:53:35.335+0000] {sql.py:459} INFO - Rows affected: 89
[2026-03-10T20:53:35.344+0000] {taskinstance.py:1138} INFO - Marking task as SUCCESS. dag_id=mongodb_to_postgres_etl, task_id=create_mart_user_activity, execution_date=20260310T205333, start_date=20260310T205335, end_date=20260310T205335
[2026-03-10T20:53:35.396+0000] {local_task_job_runner.py:234} INFO - Task exited with return code 0
[2026-03-10T20:53:35.420+0000] {taskinstance.py:3280} INFO - 0 downstream tasks scheduled from follow-on schedule check
