[2026-03-10T20:48:01.380+0000] {taskinstance.py:1956} INFO - Dependencies all met for dep_context=non-requeueable deps ti=<TaskInstance: mongodb_to_postgres_etl.extract_load_sessions scheduled__2026-03-09T00:00:00+00:00 [queued]>
[2026-03-10T20:48:01.388+0000] {taskinstance.py:1956} INFO - Dependencies all met for dep_context=requeueable deps ti=<TaskInstance: mongodb_to_postgres_etl.extract_load_sessions scheduled__2026-03-09T00:00:00+00:00 [queued]>
[2026-03-10T20:48:01.388+0000] {taskinstance.py:2170} INFO - Starting attempt 1 of 2
[2026-03-10T20:48:01.397+0000] {taskinstance.py:2191} INFO - Executing <Task(PythonOperator): extract_load_sessions> on 2026-03-09 00:00:00+00:00
[2026-03-10T20:48:01.403+0000] {standard_task_runner.py:60} INFO - Started process 231 to run task
[2026-03-10T20:48:01.406+0000] {standard_task_runner.py:87} INFO - Running: ['***', 'tasks', 'run', 'mongodb_to_postgres_etl', 'extract_load_sessions', 'scheduled__2026-03-09T00:00:00+00:00', '--job-id', '3', '--raw', '--subdir', 'DAGS_FOLDER/mongo_to_pg_dag.py', '--cfg-path', '/tmp/tmpmhgw52j2']
[2026-03-10T20:48:01.408+0000] {standard_task_runner.py:88} INFO - Job 3: Subtask extract_load_sessions
[2026-03-10T20:48:01.462+0000] {task_command.py:423} INFO - Running <TaskInstance: mongodb_to_postgres_etl.extract_load_sessions scheduled__2026-03-09T00:00:00+00:00 [running]> on host 30c692f694c3
[2026-03-10T20:48:01.526+0000] {taskinstance.py:2480} INFO - Exporting env vars: AIRFLOW_CTX_DAG_OWNER='s.tyurin' AIRFLOW_CTX_DAG_ID='mongodb_to_postgres_etl' AIRFLOW_CTX_TASK_ID='extract_load_sessions' AIRFLOW_CTX_EXECUTION_DATE='2026-03-09T00:00:00+00:00' AIRFLOW_CTX_TRY_NUMBER='1' AIRFLOW_CTX_DAG_RUN_ID='scheduled__2026-03-09T00:00:00+00:00'
[2026-03-10T20:48:01.570+0000] {taskinstance.py:2698} ERROR - Task failed with exception
Traceback (most recent call last):
  File "/home/airflow/.local/lib/python3.8/site-packages/airflow/models/taskinstance.py", line 433, in _execute_task
    result = execute_callable(context=context, **execute_callable_kwargs)
  File "/home/airflow/.local/lib/python3.8/site-packages/airflow/operators/python.py", line 199, in execute
    return_value = self.execute_callable()
  File "/home/airflow/.local/lib/python3.8/site-packages/airflow/operators/python.py", line 216, in execute_callable
    return self.python_callable(*self.op_args, **self.op_kwargs)
  File "/opt/airflow/dags/mongo_to_pg_dag.py", line 68, in extract_and_load_sessions
    pg_hook.insert_rows(
  File "/home/airflow/.local/lib/python3.8/site-packages/airflow/providers/common/sql/hooks/sql.py", line 527, in insert_rows
    with closing(self.get_conn()) as conn:
  File "/home/airflow/.local/lib/python3.8/site-packages/airflow/providers/postgres/hooks/postgres.py", line 128, in get_conn
    conn = deepcopy(self.connection or self.get_connection(conn_id))
  File "/home/airflow/.local/lib/python3.8/site-packages/airflow/hooks/base.py", line 82, in get_connection
    conn = Connection.get_connection_from_secrets(conn_id)
  File "/home/airflow/.local/lib/python3.8/site-packages/airflow/models/connection.py", line 479, in get_connection_from_secrets
    raise AirflowNotFoundException(f"The conn_id `{conn_id}` isn't defined")
airflow.exceptions.AirflowNotFoundException: The conn_id `postgres_default` isn't defined
[2026-03-10T20:48:01.574+0000] {taskinstance.py:1138} INFO - Marking task as UP_FOR_RETRY. dag_id=mongodb_to_postgres_etl, task_id=extract_load_sessions, execution_date=20260309T000000, start_date=20260310T204801, end_date=20260310T204801
[2026-03-10T20:48:01.583+0000] {standard_task_runner.py:107} ERROR - Failed to execute job 3 for task extract_load_sessions (The conn_id `postgres_default` isn't defined; 231)
[2026-03-10T20:48:01.619+0000] {local_task_job_runner.py:234} INFO - Task exited with return code 1
[2026-03-10T20:48:01.638+0000] {taskinstance.py:3280} INFO - 0 downstream tasks scheduled from follow-on schedule check
