[2026-03-10T20:15:56.555+0000] {manager.py:469} INFO - Processing files using up to 2 processes at a time 
[2026-03-10T20:15:56.556+0000] {manager.py:470} INFO - Process each file at most once every 30 seconds
[2026-03-10T20:15:56.556+0000] {manager.py:471} INFO - Checking for new files in /opt/airflow/dags every 300 seconds
[2026-03-10T20:15:56.556+0000] {manager.py:738} INFO - Searching for files in /opt/airflow/dags
[2026-03-10T20:15:56.564+0000] {manager.py:741} INFO - There are 1 files in /opt/airflow/dags
[2026-03-10T20:15:56.679+0000] {manager.py:879} INFO - 
================================================================================
DAG File Processing Stats

File Path                               PID  Runtime      # DAGs    # Errors  Last Runtime    Last Run
------------------------------------  -----  ---------  --------  ----------  --------------  ----------
/opt/airflow/dags/mongo_to_pg_dag.py    171  0.03s             0           0
================================================================================
[2026-03-10T20:16:26.857+0000] {manager.py:879} INFO - 
================================================================================
DAG File Processing Stats

File Path                               PID  Runtime      # DAGs    # Errors  Last Runtime    Last Run
------------------------------------  -----  ---------  --------  ----------  --------------  -------------------
/opt/airflow/dags/mongo_to_pg_dag.py    176  0.01s             0           1  0.07s           2026-03-10T20:15:56
================================================================================
[2026-03-10T20:16:57.049+0000] {manager.py:879} INFO - 
================================================================================
DAG File Processing Stats

File Path                               PID  Runtime      # DAGs    # Errors  Last Runtime    Last Run
------------------------------------  -----  ---------  --------  ----------  --------------  -------------------
/opt/airflow/dags/mongo_to_pg_dag.py    181  0.00s             0           1  0.09s           2026-03-10T20:16:26
================================================================================
[2026-03-10T20:17:27.261+0000] {manager.py:879} INFO - 
================================================================================
DAG File Processing Stats

File Path                               PID  Runtime      # DAGs    # Errors  Last Runtime    Last Run
------------------------------------  -----  ---------  --------  ----------  --------------  -------------------
/opt/airflow/dags/mongo_to_pg_dag.py    186  0.00s             0           1  0.07s           2026-03-10T20:16:57
================================================================================
[2026-03-10T20:17:57.467+0000] {manager.py:879} INFO - 
================================================================================
DAG File Processing Stats

File Path                               PID  Runtime      # DAGs    # Errors  Last Runtime    Last Run
------------------------------------  -----  ---------  --------  ----------  --------------  -------------------
/opt/airflow/dags/mongo_to_pg_dag.py    191  0.01s             0           1  0.06s           2026-03-10T20:17:27
================================================================================
[2026-03-10T20:18:27.665+0000] {manager.py:879} INFO - 
================================================================================
DAG File Processing Stats

File Path                               PID  Runtime      # DAGs    # Errors  Last Runtime    Last Run
------------------------------------  -----  ---------  --------  ----------  --------------  -------------------
/opt/airflow/dags/mongo_to_pg_dag.py    196  0.01s             0           1  0.07s           2026-03-10T20:17:57
================================================================================
[2026-03-10T20:18:57.866+0000] {manager.py:879} INFO - 
================================================================================
DAG File Processing Stats

File Path                               PID  Runtime      # DAGs    # Errors  Last Runtime    Last Run
------------------------------------  -----  ---------  --------  ----------  --------------  -------------------
/opt/airflow/dags/mongo_to_pg_dag.py    201  0.01s             0           1  0.06s           2026-03-10T20:18:27
================================================================================
[2026-03-10T20:19:28.058+0000] {manager.py:879} INFO - 
================================================================================
DAG File Processing Stats

File Path                               PID  Runtime      # DAGs    # Errors  Last Runtime    Last Run
------------------------------------  -----  ---------  --------  ----------  --------------  -------------------
/opt/airflow/dags/mongo_to_pg_dag.py    206  0.01s             0           1  0.06s           2026-03-10T20:18:57
================================================================================
[2026-03-10T20:19:58.247+0000] {manager.py:879} INFO - 
================================================================================
DAG File Processing Stats

File Path                               PID  Runtime      # DAGs    # Errors  Last Runtime    Last Run
------------------------------------  -----  ---------  --------  ----------  --------------  -------------------
/opt/airflow/dags/mongo_to_pg_dag.py    211  0.01s             0           1  0.06s           2026-03-10T20:19:28
================================================================================
[2026-03-10T20:20:28.428+0000] {manager.py:879} INFO - 
================================================================================
DAG File Processing Stats

File Path                               PID  Runtime      # DAGs    # Errors  Last Runtime    Last Run
------------------------------------  -----  ---------  --------  ----------  --------------  -------------------
/opt/airflow/dags/mongo_to_pg_dag.py    216  0.01s             0           1  0.07s           2026-03-10T20:19:58
================================================================================
[2026-03-10T20:20:56.608+0000] {manager.py:738} INFO - Searching for files in /opt/airflow/dags
[2026-03-10T20:20:56.622+0000] {manager.py:741} INFO - There are 1 files in /opt/airflow/dags
[2026-03-10T20:20:58.651+0000] {manager.py:879} INFO - 
================================================================================
DAG File Processing Stats

File Path                               PID  Runtime      # DAGs    # Errors  Last Runtime    Last Run
------------------------------------  -----  ---------  --------  ----------  --------------  -------------------
/opt/airflow/dags/mongo_to_pg_dag.py    221  0.00s             0           1  0.07s           2026-03-10T20:20:28
================================================================================
[2026-03-10T20:21:28.834+0000] {manager.py:879} INFO - 
================================================================================
DAG File Processing Stats

File Path                               PID  Runtime      # DAGs    # Errors  Last Runtime    Last Run
------------------------------------  -----  ---------  --------  ----------  --------------  -------------------
/opt/airflow/dags/mongo_to_pg_dag.py    226  0.00s             0           1  0.06s           2026-03-10T20:20:58
================================================================================
[2026-03-10T20:21:59.032+0000] {manager.py:879} INFO - 
================================================================================
DAG File Processing Stats

File Path                               PID  Runtime      # DAGs    # Errors  Last Runtime    Last Run
------------------------------------  -----  ---------  --------  ----------  --------------  -------------------
/opt/airflow/dags/mongo_to_pg_dag.py    231  0.01s             0           1  0.10s           2026-03-10T20:21:28
================================================================================
[2026-03-10T20:22:29.256+0000] {manager.py:879} INFO - 
================================================================================
DAG File Processing Stats

File Path                               PID  Runtime      # DAGs    # Errors  Last Runtime    Last Run
------------------------------------  -----  ---------  --------  ----------  --------------  -------------------
/opt/airflow/dags/mongo_to_pg_dag.py    236  0.00s             0           1  0.10s           2026-03-10T20:21:59
================================================================================
[2026-03-10T20:22:59.463+0000] {manager.py:879} INFO - 
================================================================================
DAG File Processing Stats

File Path                               PID  Runtime      # DAGs    # Errors  Last Runtime    Last Run
------------------------------------  -----  ---------  --------  ----------  --------------  -------------------
/opt/airflow/dags/mongo_to_pg_dag.py    241  0.01s             0           1  0.06s           2026-03-10T20:22:29
================================================================================
[2026-03-10T20:23:29.666+0000] {manager.py:879} INFO - 
================================================================================
DAG File Processing Stats

File Path                               PID  Runtime      # DAGs    # Errors  Last Runtime    Last Run
------------------------------------  -----  ---------  --------  ----------  --------------  -------------------
/opt/airflow/dags/mongo_to_pg_dag.py    246  0.00s             0           1  0.10s           2026-03-10T20:22:59
================================================================================
[2026-03-10T20:23:59.898+0000] {manager.py:879} INFO - 
================================================================================
DAG File Processing Stats

File Path                               PID  Runtime      # DAGs    # Errors  Last Runtime    Last Run
------------------------------------  -----  ---------  --------  ----------  --------------  -------------------
/opt/airflow/dags/mongo_to_pg_dag.py    251  0.00s             0           1  0.10s           2026-03-10T20:23:29
================================================================================
[2026-03-10T20:24:30.090+0000] {manager.py:879} INFO - 
================================================================================
DAG File Processing Stats

File Path                               PID  Runtime      # DAGs    # Errors  Last Runtime    Last Run
------------------------------------  -----  ---------  --------  ----------  --------------  -------------------
/opt/airflow/dags/mongo_to_pg_dag.py    256  0.00s             0           1  0.10s           2026-03-10T20:23:59
================================================================================
[2026-03-10T20:25:00.321+0000] {manager.py:879} INFO - 
================================================================================
DAG File Processing Stats

File Path                               PID  Runtime      # DAGs    # Errors  Last Runtime    Last Run
------------------------------------  -----  ---------  --------  ----------  --------------  -------------------
/opt/airflow/dags/mongo_to_pg_dag.py    261  0.00s             0           1  0.07s           2026-03-10T20:24:30
================================================================================
[2026-03-10T20:30:35.728+0000] {manager.py:738} INFO - Searching for files in /opt/airflow/dags
[2026-03-10T20:30:35.750+0000] {manager.py:741} INFO - There are 1 files in /opt/airflow/dags
[2026-03-10T20:33:42.300+0000] {manager.py:879} INFO - 
================================================================================
DAG File Processing Stats

File Path                             PID    Runtime      # DAGs    # Errors  Last Runtime    Last Run
------------------------------------  -----  ---------  --------  ----------  --------------  -------------------
/opt/airflow/dags/mongo_to_pg_dag.py                           0           1  0.46s           2026-03-10T20:33:31
================================================================================
[2026-03-10T20:34:12.477+0000] {manager.py:879} INFO - 
================================================================================
DAG File Processing Stats

File Path                             PID    Runtime      # DAGs    # Errors  Last Runtime    Last Run
------------------------------------  -----  ---------  --------  ----------  --------------  -------------------
/opt/airflow/dags/mongo_to_pg_dag.py                           0           1  0.07s           2026-03-10T20:34:01
================================================================================
[2026-03-10T20:34:42.672+0000] {manager.py:879} INFO - 
================================================================================
DAG File Processing Stats

File Path                             PID    Runtime      # DAGs    # Errors  Last Runtime    Last Run
------------------------------------  -----  ---------  --------  ----------  --------------  -------------------
/opt/airflow/dags/mongo_to_pg_dag.py                           0           1  0.07s           2026-03-10T20:34:31
================================================================================
[2026-03-10T20:35:12.859+0000] {manager.py:879} INFO - 
================================================================================
DAG File Processing Stats

File Path                             PID    Runtime      # DAGs    # Errors  Last Runtime    Last Run
------------------------------------  -----  ---------  --------  ----------  --------------  -------------------
/opt/airflow/dags/mongo_to_pg_dag.py                           0           1  0.09s           2026-03-10T20:35:01
================================================================================
[2026-03-10T20:35:36.012+0000] {manager.py:738} INFO - Searching for files in /opt/airflow/dags
[2026-03-10T20:35:36.026+0000] {manager.py:741} INFO - There are 1 files in /opt/airflow/dags
[2026-03-10T20:35:43.075+0000] {manager.py:879} INFO - 
================================================================================
DAG File Processing Stats

File Path                             PID    Runtime      # DAGs    # Errors  Last Runtime    Last Run
------------------------------------  -----  ---------  --------  ----------  --------------  -------------------
/opt/airflow/dags/mongo_to_pg_dag.py                           0           1  0.07s           2026-03-10T20:35:32
================================================================================
[2026-03-10T20:36:13.257+0000] {manager.py:879} INFO - 
================================================================================
DAG File Processing Stats

File Path                             PID    Runtime      # DAGs    # Errors  Last Runtime    Last Run
------------------------------------  -----  ---------  --------  ----------  --------------  -------------------
/opt/airflow/dags/mongo_to_pg_dag.py                           0           1  0.12s           2026-03-10T20:36:02
================================================================================
[2026-03-10T20:36:43.498+0000] {manager.py:879} INFO - 
================================================================================
DAG File Processing Stats

File Path                             PID    Runtime      # DAGs    # Errors  Last Runtime    Last Run
------------------------------------  -----  ---------  --------  ----------  --------------  -------------------
/opt/airflow/dags/mongo_to_pg_dag.py                           0           1  0.11s           2026-03-10T20:36:32
================================================================================
[2026-03-10T20:37:13.682+0000] {manager.py:879} INFO - 
================================================================================
DAG File Processing Stats

File Path                             PID    Runtime      # DAGs    # Errors  Last Runtime    Last Run
------------------------------------  -----  ---------  --------  ----------  --------------  -------------------
/opt/airflow/dags/mongo_to_pg_dag.py                           0           1  0.10s           2026-03-10T20:37:02
================================================================================
[2026-03-10T20:37:43.918+0000] {manager.py:879} INFO - 
================================================================================
DAG File Processing Stats

File Path                             PID    Runtime      # DAGs    # Errors  Last Runtime    Last Run
------------------------------------  -----  ---------  --------  ----------  --------------  -------------------
/opt/airflow/dags/mongo_to_pg_dag.py                           0           1  0.10s           2026-03-10T20:37:32
================================================================================
[2026-03-10T20:38:14.096+0000] {manager.py:879} INFO - 
================================================================================
DAG File Processing Stats

File Path                             PID    Runtime      # DAGs    # Errors  Last Runtime    Last Run
------------------------------------  -----  ---------  --------  ----------  --------------  -------------------
/opt/airflow/dags/mongo_to_pg_dag.py                           0           1  0.08s           2026-03-10T20:38:03
================================================================================
[2026-03-10T20:38:44.290+0000] {manager.py:879} INFO - 
================================================================================
DAG File Processing Stats

File Path                             PID    Runtime      # DAGs    # Errors  Last Runtime    Last Run
------------------------------------  -----  ---------  --------  ----------  --------------  -------------------
/opt/airflow/dags/mongo_to_pg_dag.py                           0           1  0.06s           2026-03-10T20:38:33
================================================================================
[2026-03-10T20:39:14.469+0000] {manager.py:879} INFO - 
================================================================================
DAG File Processing Stats

File Path                             PID    Runtime      # DAGs    # Errors  Last Runtime    Last Run
------------------------------------  -----  ---------  --------  ----------  --------------  -------------------
/opt/airflow/dags/mongo_to_pg_dag.py                           0           1  0.09s           2026-03-10T20:39:03
================================================================================
[2026-03-10T20:39:44.688+0000] {manager.py:879} INFO - 
================================================================================
DAG File Processing Stats

File Path                             PID    Runtime      # DAGs    # Errors  Last Runtime    Last Run
------------------------------------  -----  ---------  --------  ----------  --------------  -------------------
/opt/airflow/dags/mongo_to_pg_dag.py                           0           1  0.08s           2026-03-10T20:39:33
================================================================================
[2026-03-10T20:40:14.866+0000] {manager.py:879} INFO - 
================================================================================
DAG File Processing Stats

File Path                             PID    Runtime      # DAGs    # Errors  Last Runtime    Last Run
------------------------------------  -----  ---------  --------  ----------  --------------  -------------------
/opt/airflow/dags/mongo_to_pg_dag.py                           0           1  0.07s           2026-03-10T20:40:03
================================================================================
[2026-03-10T20:40:36.090+0000] {manager.py:738} INFO - Searching for files in /opt/airflow/dags
[2026-03-10T20:40:36.102+0000] {manager.py:741} INFO - There are 1 files in /opt/airflow/dags
[2026-03-10T20:40:45.042+0000] {manager.py:879} INFO - 
================================================================================
DAG File Processing Stats

File Path                             PID    Runtime      # DAGs    # Errors  Last Runtime    Last Run
------------------------------------  -----  ---------  --------  ----------  --------------  -------------------
/opt/airflow/dags/mongo_to_pg_dag.py                           0           1  0.11s           2026-03-10T20:40:34
================================================================================
[2026-03-10T20:41:15.293+0000] {manager.py:879} INFO - 
================================================================================
DAG File Processing Stats

File Path                             PID    Runtime      # DAGs    # Errors  Last Runtime    Last Run
------------------------------------  -----  ---------  --------  ----------  --------------  -------------------
/opt/airflow/dags/mongo_to_pg_dag.py                           0           1  0.11s           2026-03-10T20:41:04
================================================================================
[2026-03-10T20:41:45.475+0000] {manager.py:879} INFO - 
================================================================================
DAG File Processing Stats

File Path                             PID    Runtime      # DAGs    # Errors  Last Runtime    Last Run
------------------------------------  -----  ---------  --------  ----------  --------------  -------------------
/opt/airflow/dags/mongo_to_pg_dag.py                           0           1  0.13s           2026-03-10T20:41:34
================================================================================
[2026-03-10T20:42:15.651+0000] {manager.py:879} INFO - 
================================================================================
DAG File Processing Stats

File Path                             PID    Runtime      # DAGs    # Errors  Last Runtime    Last Run
------------------------------------  -----  ---------  --------  ----------  --------------  -------------------
/opt/airflow/dags/mongo_to_pg_dag.py                           0           1  0.07s           2026-03-10T20:42:04
================================================================================
[2026-03-10T20:42:45.843+0000] {manager.py:879} INFO - 
================================================================================
DAG File Processing Stats

File Path                             PID    Runtime      # DAGs    # Errors  Last Runtime    Last Run
------------------------------------  -----  ---------  --------  ----------  --------------  -------------------
/opt/airflow/dags/mongo_to_pg_dag.py                           0           1  0.11s           2026-03-10T20:42:34
================================================================================
[2026-03-10T20:43:16.065+0000] {manager.py:879} INFO - 
================================================================================
DAG File Processing Stats

File Path                             PID    Runtime      # DAGs    # Errors  Last Runtime    Last Run
------------------------------------  -----  ---------  --------  ----------  --------------  -------------------
/opt/airflow/dags/mongo_to_pg_dag.py                           0           1  0.11s           2026-03-10T20:43:05
================================================================================
[2026-03-10T20:43:35.365+0000] {manager.py:451} INFO - Exiting gracefully upon receiving signal 15
[2026-03-10T20:44:33.011+0000] {manager.py:469} INFO - Processing files using up to 2 processes at a time 
[2026-03-10T20:44:33.012+0000] {manager.py:470} INFO - Process each file at most once every 30 seconds
[2026-03-10T20:44:33.012+0000] {manager.py:471} INFO - Checking for new files in /opt/airflow/dags every 300 seconds
[2026-03-10T20:44:33.013+0000] {manager.py:738} INFO - Searching for files in /opt/airflow/dags
[2026-03-10T20:44:33.024+0000] {manager.py:741} INFO - There are 1 files in /opt/airflow/dags
[2026-03-10T20:44:33.136+0000] {manager.py:879} INFO - 
================================================================================
DAG File Processing Stats

File Path                               PID  Runtime      # DAGs    # Errors  Last Runtime    Last Run
------------------------------------  -----  ---------  --------  ----------  --------------  ----------
/opt/airflow/dags/mongo_to_pg_dag.py    190  0.03s             0           0
================================================================================
[2026-03-10T20:45:03.288+0000] {manager.py:879} INFO - 
================================================================================
DAG File Processing Stats

File Path                             PID    Runtime      # DAGs    # Errors  Last Runtime    Last Run
------------------------------------  -----  ---------  --------  ----------  --------------  -------------------
/opt/airflow/dags/mongo_to_pg_dag.py                           0           1  0.27s           2026-03-10T20:44:33
================================================================================
[2026-03-10T20:45:33.671+0000] {manager.py:879} INFO - 
================================================================================
DAG File Processing Stats

File Path                             PID    Runtime      # DAGs    # Errors  Last Runtime    Last Run
------------------------------------  -----  ---------  --------  ----------  --------------  -------------------
/opt/airflow/dags/mongo_to_pg_dag.py                           0           1  0.18s           2026-03-10T20:45:03
================================================================================
[2026-03-10T20:46:03.991+0000] {manager.py:879} INFO - 
================================================================================
DAG File Processing Stats

File Path                             PID    Runtime      # DAGs    # Errors  Last Runtime    Last Run
------------------------------------  -----  ---------  --------  ----------  --------------  -------------------
/opt/airflow/dags/mongo_to_pg_dag.py                           0           1  0.18s           2026-03-10T20:45:34
================================================================================
[2026-03-10T20:46:34.323+0000] {manager.py:879} INFO - 
================================================================================
DAG File Processing Stats

File Path                               PID  Runtime      # DAGs    # Errors  Last Runtime    Last Run
------------------------------------  -----  ---------  --------  ----------  --------------  -------------------
/opt/airflow/dags/mongo_to_pg_dag.py    210  0.00s             0           1  0.14s           2026-03-10T20:46:04
================================================================================
[2026-03-10T20:47:04.600+0000] {manager.py:879} INFO - 
================================================================================
DAG File Processing Stats

File Path                               PID  Runtime      # DAGs    # Errors  Last Runtime    Last Run
------------------------------------  -----  ---------  --------  ----------  --------------  -------------------
/opt/airflow/dags/mongo_to_pg_dag.py    215  0.01s             0           1  0.14s           2026-03-10T20:46:34
================================================================================
