[2026-03-10T20:15:56.665+0000] {processor.py:161} INFO - Started process (PID=171) to work on /opt/airflow/dags/mongo_to_pg_dag.py
[2026-03-10T20:15:56.666+0000] {processor.py:830} INFO - Processing file /opt/airflow/dags/mongo_to_pg_dag.py for tasks to queue
[2026-03-10T20:15:56.667+0000] {logging_mixin.py:188} INFO - [2026-03-10T20:15:56.667+0000] {dagbag.py:538} INFO - Filling up the DagBag from /opt/airflow/dags/mongo_to_pg_dag.py
[2026-03-10T20:15:56.688+0000] {logging_mixin.py:188} INFO - [2026-03-10T20:15:56.685+0000] {dagbag.py:348} ERROR - Failed to import: /opt/airflow/dags/mongo_to_pg_dag.py
Traceback (most recent call last):
  File "/home/airflow/.local/lib/python3.8/site-packages/airflow/models/dagbag.py", line 344, in parse
    loader.exec_module(new_module)
  File "<frozen importlib._bootstrap_external>", line 843, in exec_module
  File "<frozen importlib._bootstrap>", line 219, in _call_with_frames_removed
  File "/opt/airflow/dags/mongo_to_pg_dag.py", line 4, in <module>
    from pymongo import MongoClient
ModuleNotFoundError: No module named 'pymongo'
[2026-03-10T20:15:56.689+0000] {processor.py:842} WARNING - No viable dags retrieved from /opt/airflow/dags/mongo_to_pg_dag.py
[2026-03-10T20:15:56.707+0000] {processor.py:183} INFO - Processing /opt/airflow/dags/mongo_to_pg_dag.py took 0.045 seconds
[2026-03-10T20:16:26.872+0000] {processor.py:161} INFO - Started process (PID=176) to work on /opt/airflow/dags/mongo_to_pg_dag.py
[2026-03-10T20:16:26.873+0000] {processor.py:830} INFO - Processing file /opt/airflow/dags/mongo_to_pg_dag.py for tasks to queue
[2026-03-10T20:16:26.875+0000] {logging_mixin.py:188} INFO - [2026-03-10T20:16:26.874+0000] {dagbag.py:538} INFO - Filling up the DagBag from /opt/airflow/dags/mongo_to_pg_dag.py
[2026-03-10T20:16:26.895+0000] {logging_mixin.py:188} INFO - [2026-03-10T20:16:26.891+0000] {dagbag.py:348} ERROR - Failed to import: /opt/airflow/dags/mongo_to_pg_dag.py
Traceback (most recent call last):
  File "/home/airflow/.local/lib/python3.8/site-packages/airflow/models/dagbag.py", line 344, in parse
    loader.exec_module(new_module)
  File "<frozen importlib._bootstrap_external>", line 843, in exec_module
  File "<frozen importlib._bootstrap>", line 219, in _call_with_frames_removed
  File "/opt/airflow/dags/mongo_to_pg_dag.py", line 4, in <module>
    from pymongo import MongoClient
ModuleNotFoundError: No module named 'pymongo'
[2026-03-10T20:16:26.896+0000] {processor.py:842} WARNING - No viable dags retrieved from /opt/airflow/dags/mongo_to_pg_dag.py
[2026-03-10T20:16:26.925+0000] {processor.py:183} INFO - Processing /opt/airflow/dags/mongo_to_pg_dag.py took 0.058 seconds
[2026-03-10T20:16:57.061+0000] {processor.py:161} INFO - Started process (PID=181) to work on /opt/airflow/dags/mongo_to_pg_dag.py
[2026-03-10T20:16:57.062+0000] {processor.py:830} INFO - Processing file /opt/airflow/dags/mongo_to_pg_dag.py for tasks to queue
[2026-03-10T20:16:57.063+0000] {logging_mixin.py:188} INFO - [2026-03-10T20:16:57.062+0000] {dagbag.py:538} INFO - Filling up the DagBag from /opt/airflow/dags/mongo_to_pg_dag.py
[2026-03-10T20:16:57.076+0000] {logging_mixin.py:188} INFO - [2026-03-10T20:16:57.074+0000] {dagbag.py:348} ERROR - Failed to import: /opt/airflow/dags/mongo_to_pg_dag.py
Traceback (most recent call last):
  File "/home/airflow/.local/lib/python3.8/site-packages/airflow/models/dagbag.py", line 344, in parse
    loader.exec_module(new_module)
  File "<frozen importlib._bootstrap_external>", line 843, in exec_module
  File "<frozen importlib._bootstrap>", line 219, in _call_with_frames_removed
  File "/opt/airflow/dags/mongo_to_pg_dag.py", line 4, in <module>
    from pymongo import MongoClient
ModuleNotFoundError: No module named 'pymongo'
[2026-03-10T20:16:57.077+0000] {processor.py:842} WARNING - No viable dags retrieved from /opt/airflow/dags/mongo_to_pg_dag.py
[2026-03-10T20:16:57.103+0000] {processor.py:183} INFO - Processing /opt/airflow/dags/mongo_to_pg_dag.py took 0.046 seconds
[2026-03-10T20:17:27.272+0000] {processor.py:161} INFO - Started process (PID=186) to work on /opt/airflow/dags/mongo_to_pg_dag.py
[2026-03-10T20:17:27.273+0000] {processor.py:830} INFO - Processing file /opt/airflow/dags/mongo_to_pg_dag.py for tasks to queue
[2026-03-10T20:17:27.274+0000] {logging_mixin.py:188} INFO - [2026-03-10T20:17:27.274+0000] {dagbag.py:538} INFO - Filling up the DagBag from /opt/airflow/dags/mongo_to_pg_dag.py
[2026-03-10T20:17:27.286+0000] {logging_mixin.py:188} INFO - [2026-03-10T20:17:27.283+0000] {dagbag.py:348} ERROR - Failed to import: /opt/airflow/dags/mongo_to_pg_dag.py
Traceback (most recent call last):
  File "/home/airflow/.local/lib/python3.8/site-packages/airflow/models/dagbag.py", line 344, in parse
    loader.exec_module(new_module)
  File "<frozen importlib._bootstrap_external>", line 843, in exec_module
  File "<frozen importlib._bootstrap>", line 219, in _call_with_frames_removed
  File "/opt/airflow/dags/mongo_to_pg_dag.py", line 4, in <module>
    from pymongo import MongoClient
ModuleNotFoundError: No module named 'pymongo'
[2026-03-10T20:17:27.287+0000] {processor.py:842} WARNING - No viable dags retrieved from /opt/airflow/dags/mongo_to_pg_dag.py
[2026-03-10T20:17:27.306+0000] {processor.py:183} INFO - Processing /opt/airflow/dags/mongo_to_pg_dag.py took 0.036 seconds
[2026-03-10T20:17:57.478+0000] {processor.py:161} INFO - Started process (PID=191) to work on /opt/airflow/dags/mongo_to_pg_dag.py
[2026-03-10T20:17:57.479+0000] {processor.py:830} INFO - Processing file /opt/airflow/dags/mongo_to_pg_dag.py for tasks to queue
[2026-03-10T20:17:57.480+0000] {logging_mixin.py:188} INFO - [2026-03-10T20:17:57.480+0000] {dagbag.py:538} INFO - Filling up the DagBag from /opt/airflow/dags/mongo_to_pg_dag.py
[2026-03-10T20:17:57.492+0000] {logging_mixin.py:188} INFO - [2026-03-10T20:17:57.490+0000] {dagbag.py:348} ERROR - Failed to import: /opt/airflow/dags/mongo_to_pg_dag.py
Traceback (most recent call last):
  File "/home/airflow/.local/lib/python3.8/site-packages/airflow/models/dagbag.py", line 344, in parse
    loader.exec_module(new_module)
  File "<frozen importlib._bootstrap_external>", line 843, in exec_module
  File "<frozen importlib._bootstrap>", line 219, in _call_with_frames_removed
  File "/opt/airflow/dags/mongo_to_pg_dag.py", line 4, in <module>
    from pymongo import MongoClient
ModuleNotFoundError: No module named 'pymongo'
[2026-03-10T20:17:57.493+0000] {processor.py:842} WARNING - No viable dags retrieved from /opt/airflow/dags/mongo_to_pg_dag.py
[2026-03-10T20:17:57.515+0000] {processor.py:183} INFO - Processing /opt/airflow/dags/mongo_to_pg_dag.py took 0.040 seconds
[2026-03-10T20:18:27.676+0000] {processor.py:161} INFO - Started process (PID=196) to work on /opt/airflow/dags/mongo_to_pg_dag.py
[2026-03-10T20:18:27.677+0000] {processor.py:830} INFO - Processing file /opt/airflow/dags/mongo_to_pg_dag.py for tasks to queue
[2026-03-10T20:18:27.678+0000] {logging_mixin.py:188} INFO - [2026-03-10T20:18:27.678+0000] {dagbag.py:538} INFO - Filling up the DagBag from /opt/airflow/dags/mongo_to_pg_dag.py
[2026-03-10T20:18:27.691+0000] {logging_mixin.py:188} INFO - [2026-03-10T20:18:27.689+0000] {dagbag.py:348} ERROR - Failed to import: /opt/airflow/dags/mongo_to_pg_dag.py
Traceback (most recent call last):
  File "/home/airflow/.local/lib/python3.8/site-packages/airflow/models/dagbag.py", line 344, in parse
    loader.exec_module(new_module)
  File "<frozen importlib._bootstrap_external>", line 843, in exec_module
  File "<frozen importlib._bootstrap>", line 219, in _call_with_frames_removed
  File "/opt/airflow/dags/mongo_to_pg_dag.py", line 4, in <module>
    from pymongo import MongoClient
ModuleNotFoundError: No module named 'pymongo'
[2026-03-10T20:18:27.692+0000] {processor.py:842} WARNING - No viable dags retrieved from /opt/airflow/dags/mongo_to_pg_dag.py
[2026-03-10T20:18:27.710+0000] {processor.py:183} INFO - Processing /opt/airflow/dags/mongo_to_pg_dag.py took 0.037 seconds
[2026-03-10T20:18:57.881+0000] {processor.py:161} INFO - Started process (PID=201) to work on /opt/airflow/dags/mongo_to_pg_dag.py
[2026-03-10T20:18:57.882+0000] {processor.py:830} INFO - Processing file /opt/airflow/dags/mongo_to_pg_dag.py for tasks to queue
[2026-03-10T20:18:57.883+0000] {logging_mixin.py:188} INFO - [2026-03-10T20:18:57.882+0000] {dagbag.py:538} INFO - Filling up the DagBag from /opt/airflow/dags/mongo_to_pg_dag.py
[2026-03-10T20:18:57.895+0000] {logging_mixin.py:188} INFO - [2026-03-10T20:18:57.893+0000] {dagbag.py:348} ERROR - Failed to import: /opt/airflow/dags/mongo_to_pg_dag.py
Traceback (most recent call last):
  File "/home/airflow/.local/lib/python3.8/site-packages/airflow/models/dagbag.py", line 344, in parse
    loader.exec_module(new_module)
  File "<frozen importlib._bootstrap_external>", line 843, in exec_module
  File "<frozen importlib._bootstrap>", line 219, in _call_with_frames_removed
  File "/opt/airflow/dags/mongo_to_pg_dag.py", line 4, in <module>
    from pymongo import MongoClient
ModuleNotFoundError: No module named 'pymongo'
[2026-03-10T20:18:57.896+0000] {processor.py:842} WARNING - No viable dags retrieved from /opt/airflow/dags/mongo_to_pg_dag.py
[2026-03-10T20:18:57.914+0000] {processor.py:183} INFO - Processing /opt/airflow/dags/mongo_to_pg_dag.py took 0.037 seconds
[2026-03-10T20:19:28.070+0000] {processor.py:161} INFO - Started process (PID=206) to work on /opt/airflow/dags/mongo_to_pg_dag.py
[2026-03-10T20:19:28.070+0000] {processor.py:830} INFO - Processing file /opt/airflow/dags/mongo_to_pg_dag.py for tasks to queue
[2026-03-10T20:19:28.071+0000] {logging_mixin.py:188} INFO - [2026-03-10T20:19:28.071+0000] {dagbag.py:538} INFO - Filling up the DagBag from /opt/airflow/dags/mongo_to_pg_dag.py
[2026-03-10T20:19:28.084+0000] {logging_mixin.py:188} INFO - [2026-03-10T20:19:28.081+0000] {dagbag.py:348} ERROR - Failed to import: /opt/airflow/dags/mongo_to_pg_dag.py
Traceback (most recent call last):
  File "/home/airflow/.local/lib/python3.8/site-packages/airflow/models/dagbag.py", line 344, in parse
    loader.exec_module(new_module)
  File "<frozen importlib._bootstrap_external>", line 843, in exec_module
  File "<frozen importlib._bootstrap>", line 219, in _call_with_frames_removed
  File "/opt/airflow/dags/mongo_to_pg_dag.py", line 4, in <module>
    from pymongo import MongoClient
ModuleNotFoundError: No module named 'pymongo'
[2026-03-10T20:19:28.085+0000] {processor.py:842} WARNING - No viable dags retrieved from /opt/airflow/dags/mongo_to_pg_dag.py
[2026-03-10T20:19:28.103+0000] {processor.py:183} INFO - Processing /opt/airflow/dags/mongo_to_pg_dag.py took 0.036 seconds
[2026-03-10T20:19:58.259+0000] {processor.py:161} INFO - Started process (PID=211) to work on /opt/airflow/dags/mongo_to_pg_dag.py
[2026-03-10T20:19:58.260+0000] {processor.py:830} INFO - Processing file /opt/airflow/dags/mongo_to_pg_dag.py for tasks to queue
[2026-03-10T20:19:58.261+0000] {logging_mixin.py:188} INFO - [2026-03-10T20:19:58.260+0000] {dagbag.py:538} INFO - Filling up the DagBag from /opt/airflow/dags/mongo_to_pg_dag.py
[2026-03-10T20:19:58.276+0000] {logging_mixin.py:188} INFO - [2026-03-10T20:19:58.273+0000] {dagbag.py:348} ERROR - Failed to import: /opt/airflow/dags/mongo_to_pg_dag.py
Traceback (most recent call last):
  File "/home/airflow/.local/lib/python3.8/site-packages/airflow/models/dagbag.py", line 344, in parse
    loader.exec_module(new_module)
  File "<frozen importlib._bootstrap_external>", line 843, in exec_module
  File "<frozen importlib._bootstrap>", line 219, in _call_with_frames_removed
  File "/opt/airflow/dags/mongo_to_pg_dag.py", line 4, in <module>
    from pymongo import MongoClient
ModuleNotFoundError: No module named 'pymongo'
[2026-03-10T20:19:58.277+0000] {processor.py:842} WARNING - No viable dags retrieved from /opt/airflow/dags/mongo_to_pg_dag.py
[2026-03-10T20:19:58.301+0000] {processor.py:183} INFO - Processing /opt/airflow/dags/mongo_to_pg_dag.py took 0.045 seconds
[2026-03-10T20:20:28.442+0000] {processor.py:161} INFO - Started process (PID=216) to work on /opt/airflow/dags/mongo_to_pg_dag.py
[2026-03-10T20:20:28.443+0000] {processor.py:830} INFO - Processing file /opt/airflow/dags/mongo_to_pg_dag.py for tasks to queue
[2026-03-10T20:20:28.444+0000] {logging_mixin.py:188} INFO - [2026-03-10T20:20:28.444+0000] {dagbag.py:538} INFO - Filling up the DagBag from /opt/airflow/dags/mongo_to_pg_dag.py
[2026-03-10T20:20:28.459+0000] {logging_mixin.py:188} INFO - [2026-03-10T20:20:28.457+0000] {dagbag.py:348} ERROR - Failed to import: /opt/airflow/dags/mongo_to_pg_dag.py
Traceback (most recent call last):
  File "/home/airflow/.local/lib/python3.8/site-packages/airflow/models/dagbag.py", line 344, in parse
    loader.exec_module(new_module)
  File "<frozen importlib._bootstrap_external>", line 843, in exec_module
  File "<frozen importlib._bootstrap>", line 219, in _call_with_frames_removed
  File "/opt/airflow/dags/mongo_to_pg_dag.py", line 4, in <module>
    from pymongo import MongoClient
ModuleNotFoundError: No module named 'pymongo'
[2026-03-10T20:20:28.460+0000] {processor.py:842} WARNING - No viable dags retrieved from /opt/airflow/dags/mongo_to_pg_dag.py
[2026-03-10T20:20:28.481+0000] {processor.py:183} INFO - Processing /opt/airflow/dags/mongo_to_pg_dag.py took 0.043 seconds
[2026-03-10T20:20:58.662+0000] {processor.py:161} INFO - Started process (PID=221) to work on /opt/airflow/dags/mongo_to_pg_dag.py
[2026-03-10T20:20:58.663+0000] {processor.py:830} INFO - Processing file /opt/airflow/dags/mongo_to_pg_dag.py for tasks to queue
[2026-03-10T20:20:58.664+0000] {logging_mixin.py:188} INFO - [2026-03-10T20:20:58.663+0000] {dagbag.py:538} INFO - Filling up the DagBag from /opt/airflow/dags/mongo_to_pg_dag.py
[2026-03-10T20:20:58.676+0000] {logging_mixin.py:188} INFO - [2026-03-10T20:20:58.674+0000] {dagbag.py:348} ERROR - Failed to import: /opt/airflow/dags/mongo_to_pg_dag.py
Traceback (most recent call last):
  File "/home/airflow/.local/lib/python3.8/site-packages/airflow/models/dagbag.py", line 344, in parse
    loader.exec_module(new_module)
  File "<frozen importlib._bootstrap_external>", line 843, in exec_module
  File "<frozen importlib._bootstrap>", line 219, in _call_with_frames_removed
  File "/opt/airflow/dags/mongo_to_pg_dag.py", line 4, in <module>
    from pymongo import MongoClient
ModuleNotFoundError: No module named 'pymongo'
[2026-03-10T20:20:58.677+0000] {processor.py:842} WARNING - No viable dags retrieved from /opt/airflow/dags/mongo_to_pg_dag.py
[2026-03-10T20:20:58.694+0000] {processor.py:183} INFO - Processing /opt/airflow/dags/mongo_to_pg_dag.py took 0.035 seconds
[2026-03-10T20:21:28.846+0000] {processor.py:161} INFO - Started process (PID=226) to work on /opt/airflow/dags/mongo_to_pg_dag.py
[2026-03-10T20:21:28.846+0000] {processor.py:830} INFO - Processing file /opt/airflow/dags/mongo_to_pg_dag.py for tasks to queue
[2026-03-10T20:21:28.847+0000] {logging_mixin.py:188} INFO - [2026-03-10T20:21:28.847+0000] {dagbag.py:538} INFO - Filling up the DagBag from /opt/airflow/dags/mongo_to_pg_dag.py
[2026-03-10T20:21:28.859+0000] {logging_mixin.py:188} INFO - [2026-03-10T20:21:28.857+0000] {dagbag.py:348} ERROR - Failed to import: /opt/airflow/dags/mongo_to_pg_dag.py
Traceback (most recent call last):
  File "/home/airflow/.local/lib/python3.8/site-packages/airflow/models/dagbag.py", line 344, in parse
    loader.exec_module(new_module)
  File "<frozen importlib._bootstrap_external>", line 843, in exec_module
  File "<frozen importlib._bootstrap>", line 219, in _call_with_frames_removed
  File "/opt/airflow/dags/mongo_to_pg_dag.py", line 4, in <module>
    from pymongo import MongoClient
ModuleNotFoundError: No module named 'pymongo'
[2026-03-10T20:21:28.860+0000] {processor.py:842} WARNING - No viable dags retrieved from /opt/airflow/dags/mongo_to_pg_dag.py
[2026-03-10T20:21:28.919+0000] {processor.py:183} INFO - Processing /opt/airflow/dags/mongo_to_pg_dag.py took 0.076 seconds
[2026-03-10T20:21:59.043+0000] {processor.py:161} INFO - Started process (PID=231) to work on /opt/airflow/dags/mongo_to_pg_dag.py
[2026-03-10T20:21:59.044+0000] {processor.py:830} INFO - Processing file /opt/airflow/dags/mongo_to_pg_dag.py for tasks to queue
[2026-03-10T20:21:59.045+0000] {logging_mixin.py:188} INFO - [2026-03-10T20:21:59.045+0000] {dagbag.py:538} INFO - Filling up the DagBag from /opt/airflow/dags/mongo_to_pg_dag.py
[2026-03-10T20:21:59.057+0000] {logging_mixin.py:188} INFO - [2026-03-10T20:21:59.055+0000] {dagbag.py:348} ERROR - Failed to import: /opt/airflow/dags/mongo_to_pg_dag.py
Traceback (most recent call last):
  File "/home/airflow/.local/lib/python3.8/site-packages/airflow/models/dagbag.py", line 344, in parse
    loader.exec_module(new_module)
  File "<frozen importlib._bootstrap_external>", line 843, in exec_module
  File "<frozen importlib._bootstrap>", line 219, in _call_with_frames_removed
  File "/opt/airflow/dags/mongo_to_pg_dag.py", line 4, in <module>
    from pymongo import MongoClient
ModuleNotFoundError: No module named 'pymongo'
[2026-03-10T20:21:59.058+0000] {processor.py:842} WARNING - No viable dags retrieved from /opt/airflow/dags/mongo_to_pg_dag.py
[2026-03-10T20:21:59.118+0000] {processor.py:183} INFO - Processing /opt/airflow/dags/mongo_to_pg_dag.py took 0.077 seconds
[2026-03-10T20:22:29.267+0000] {processor.py:161} INFO - Started process (PID=236) to work on /opt/airflow/dags/mongo_to_pg_dag.py
[2026-03-10T20:22:29.268+0000] {processor.py:830} INFO - Processing file /opt/airflow/dags/mongo_to_pg_dag.py for tasks to queue
[2026-03-10T20:22:29.269+0000] {logging_mixin.py:188} INFO - [2026-03-10T20:22:29.269+0000] {dagbag.py:538} INFO - Filling up the DagBag from /opt/airflow/dags/mongo_to_pg_dag.py
[2026-03-10T20:22:29.280+0000] {logging_mixin.py:188} INFO - [2026-03-10T20:22:29.278+0000] {dagbag.py:348} ERROR - Failed to import: /opt/airflow/dags/mongo_to_pg_dag.py
Traceback (most recent call last):
  File "/home/airflow/.local/lib/python3.8/site-packages/airflow/models/dagbag.py", line 344, in parse
    loader.exec_module(new_module)
  File "<frozen importlib._bootstrap_external>", line 843, in exec_module
  File "<frozen importlib._bootstrap>", line 219, in _call_with_frames_removed
  File "/opt/airflow/dags/mongo_to_pg_dag.py", line 4, in <module>
    from pymongo import MongoClient
ModuleNotFoundError: No module named 'pymongo'
[2026-03-10T20:22:29.281+0000] {processor.py:842} WARNING - No viable dags retrieved from /opt/airflow/dags/mongo_to_pg_dag.py
[2026-03-10T20:22:29.299+0000] {processor.py:183} INFO - Processing /opt/airflow/dags/mongo_to_pg_dag.py took 0.035 seconds
[2026-03-10T20:22:59.475+0000] {processor.py:161} INFO - Started process (PID=241) to work on /opt/airflow/dags/mongo_to_pg_dag.py
[2026-03-10T20:22:59.475+0000] {processor.py:830} INFO - Processing file /opt/airflow/dags/mongo_to_pg_dag.py for tasks to queue
[2026-03-10T20:22:59.476+0000] {logging_mixin.py:188} INFO - [2026-03-10T20:22:59.476+0000] {dagbag.py:538} INFO - Filling up the DagBag from /opt/airflow/dags/mongo_to_pg_dag.py
[2026-03-10T20:22:59.488+0000] {logging_mixin.py:188} INFO - [2026-03-10T20:22:59.486+0000] {dagbag.py:348} ERROR - Failed to import: /opt/airflow/dags/mongo_to_pg_dag.py
Traceback (most recent call last):
  File "/home/airflow/.local/lib/python3.8/site-packages/airflow/models/dagbag.py", line 344, in parse
    loader.exec_module(new_module)
  File "<frozen importlib._bootstrap_external>", line 843, in exec_module
  File "<frozen importlib._bootstrap>", line 219, in _call_with_frames_removed
  File "/opt/airflow/dags/mongo_to_pg_dag.py", line 4, in <module>
    from pymongo import MongoClient
ModuleNotFoundError: No module named 'pymongo'
[2026-03-10T20:22:59.489+0000] {processor.py:842} WARNING - No viable dags retrieved from /opt/airflow/dags/mongo_to_pg_dag.py
[2026-03-10T20:22:59.547+0000] {processor.py:183} INFO - Processing /opt/airflow/dags/mongo_to_pg_dag.py took 0.075 seconds
[2026-03-10T20:23:29.677+0000] {processor.py:161} INFO - Started process (PID=246) to work on /opt/airflow/dags/mongo_to_pg_dag.py
[2026-03-10T20:23:29.678+0000] {processor.py:830} INFO - Processing file /opt/airflow/dags/mongo_to_pg_dag.py for tasks to queue
[2026-03-10T20:23:29.679+0000] {logging_mixin.py:188} INFO - [2026-03-10T20:23:29.678+0000] {dagbag.py:538} INFO - Filling up the DagBag from /opt/airflow/dags/mongo_to_pg_dag.py
[2026-03-10T20:23:29.690+0000] {logging_mixin.py:188} INFO - [2026-03-10T20:23:29.688+0000] {dagbag.py:348} ERROR - Failed to import: /opt/airflow/dags/mongo_to_pg_dag.py
Traceback (most recent call last):
  File "/home/airflow/.local/lib/python3.8/site-packages/airflow/models/dagbag.py", line 344, in parse
    loader.exec_module(new_module)
  File "<frozen importlib._bootstrap_external>", line 843, in exec_module
  File "<frozen importlib._bootstrap>", line 219, in _call_with_frames_removed
  File "/opt/airflow/dags/mongo_to_pg_dag.py", line 4, in <module>
    from pymongo import MongoClient
ModuleNotFoundError: No module named 'pymongo'
[2026-03-10T20:23:29.690+0000] {processor.py:842} WARNING - No viable dags retrieved from /opt/airflow/dags/mongo_to_pg_dag.py
[2026-03-10T20:23:29.750+0000] {processor.py:183} INFO - Processing /opt/airflow/dags/mongo_to_pg_dag.py took 0.076 seconds
[2026-03-10T20:23:59.909+0000] {processor.py:161} INFO - Started process (PID=251) to work on /opt/airflow/dags/mongo_to_pg_dag.py
[2026-03-10T20:23:59.909+0000] {processor.py:830} INFO - Processing file /opt/airflow/dags/mongo_to_pg_dag.py for tasks to queue
[2026-03-10T20:23:59.910+0000] {logging_mixin.py:188} INFO - [2026-03-10T20:23:59.910+0000] {dagbag.py:538} INFO - Filling up the DagBag from /opt/airflow/dags/mongo_to_pg_dag.py
[2026-03-10T20:23:59.922+0000] {logging_mixin.py:188} INFO - [2026-03-10T20:23:59.920+0000] {dagbag.py:348} ERROR - Failed to import: /opt/airflow/dags/mongo_to_pg_dag.py
Traceback (most recent call last):
  File "/home/airflow/.local/lib/python3.8/site-packages/airflow/models/dagbag.py", line 344, in parse
    loader.exec_module(new_module)
  File "<frozen importlib._bootstrap_external>", line 843, in exec_module
  File "<frozen importlib._bootstrap>", line 219, in _call_with_frames_removed
  File "/opt/airflow/dags/mongo_to_pg_dag.py", line 4, in <module>
    from pymongo import MongoClient
ModuleNotFoundError: No module named 'pymongo'
[2026-03-10T20:23:59.923+0000] {processor.py:842} WARNING - No viable dags retrieved from /opt/airflow/dags/mongo_to_pg_dag.py
[2026-03-10T20:23:59.983+0000] {processor.py:183} INFO - Processing /opt/airflow/dags/mongo_to_pg_dag.py took 0.077 seconds
[2026-03-10T20:24:30.102+0000] {processor.py:161} INFO - Started process (PID=256) to work on /opt/airflow/dags/mongo_to_pg_dag.py
[2026-03-10T20:24:30.103+0000] {processor.py:830} INFO - Processing file /opt/airflow/dags/mongo_to_pg_dag.py for tasks to queue
[2026-03-10T20:24:30.103+0000] {logging_mixin.py:188} INFO - [2026-03-10T20:24:30.103+0000] {dagbag.py:538} INFO - Filling up the DagBag from /opt/airflow/dags/mongo_to_pg_dag.py
[2026-03-10T20:24:30.117+0000] {logging_mixin.py:188} INFO - [2026-03-10T20:24:30.114+0000] {dagbag.py:348} ERROR - Failed to import: /opt/airflow/dags/mongo_to_pg_dag.py
Traceback (most recent call last):
  File "/home/airflow/.local/lib/python3.8/site-packages/airflow/models/dagbag.py", line 344, in parse
    loader.exec_module(new_module)
  File "<frozen importlib._bootstrap_external>", line 843, in exec_module
  File "<frozen importlib._bootstrap>", line 219, in _call_with_frames_removed
  File "/opt/airflow/dags/mongo_to_pg_dag.py", line 4, in <module>
    from pymongo import MongoClient
ModuleNotFoundError: No module named 'pymongo'
[2026-03-10T20:24:30.117+0000] {processor.py:842} WARNING - No viable dags retrieved from /opt/airflow/dags/mongo_to_pg_dag.py
[2026-03-10T20:24:30.142+0000] {processor.py:183} INFO - Processing /opt/airflow/dags/mongo_to_pg_dag.py took 0.043 seconds
[2026-03-10T20:25:00.333+0000] {processor.py:161} INFO - Started process (PID=261) to work on /opt/airflow/dags/mongo_to_pg_dag.py
[2026-03-10T20:25:00.334+0000] {processor.py:830} INFO - Processing file /opt/airflow/dags/mongo_to_pg_dag.py for tasks to queue
[2026-03-10T20:25:00.334+0000] {logging_mixin.py:188} INFO - [2026-03-10T20:25:00.334+0000] {dagbag.py:538} INFO - Filling up the DagBag from /opt/airflow/dags/mongo_to_pg_dag.py
[2026-03-10T20:25:00.346+0000] {logging_mixin.py:188} INFO - [2026-03-10T20:25:00.344+0000] {dagbag.py:348} ERROR - Failed to import: /opt/airflow/dags/mongo_to_pg_dag.py
Traceback (most recent call last):
  File "/home/airflow/.local/lib/python3.8/site-packages/airflow/models/dagbag.py", line 344, in parse
    loader.exec_module(new_module)
  File "<frozen importlib._bootstrap_external>", line 843, in exec_module
  File "<frozen importlib._bootstrap>", line 219, in _call_with_frames_removed
  File "/opt/airflow/dags/mongo_to_pg_dag.py", line 4, in <module>
    from pymongo import MongoClient
ModuleNotFoundError: No module named 'pymongo'
[2026-03-10T20:25:00.347+0000] {processor.py:842} WARNING - No viable dags retrieved from /opt/airflow/dags/mongo_to_pg_dag.py
[2026-03-10T20:25:00.406+0000] {processor.py:183} INFO - Processing /opt/airflow/dags/mongo_to_pg_dag.py took 0.076 seconds
[2026-03-10T20:30:35.796+0000] {processor.py:161} INFO - Started process (PID=268) to work on /opt/airflow/dags/mongo_to_pg_dag.py
[2026-03-10T20:30:35.797+0000] {processor.py:830} INFO - Processing file /opt/airflow/dags/mongo_to_pg_dag.py for tasks to queue
[2026-03-10T20:30:35.798+0000] {logging_mixin.py:188} INFO - [2026-03-10T20:30:35.798+0000] {dagbag.py:538} INFO - Filling up the DagBag from /opt/airflow/dags/mongo_to_pg_dag.py
[2026-03-10T20:30:35.812+0000] {logging_mixin.py:188} INFO - [2026-03-10T20:30:35.809+0000] {dagbag.py:348} ERROR - Failed to import: /opt/airflow/dags/mongo_to_pg_dag.py
Traceback (most recent call last):
  File "/home/airflow/.local/lib/python3.8/site-packages/airflow/models/dagbag.py", line 344, in parse
    loader.exec_module(new_module)
  File "<frozen importlib._bootstrap_external>", line 843, in exec_module
  File "<frozen importlib._bootstrap>", line 219, in _call_with_frames_removed
  File "/opt/airflow/dags/mongo_to_pg_dag.py", line 4, in <module>
    from pymongo import MongoClient
ModuleNotFoundError: No module named 'pymongo'
[2026-03-10T20:30:35.814+0000] {processor.py:842} WARNING - No viable dags retrieved from /opt/airflow/dags/mongo_to_pg_dag.py
[2026-03-10T20:30:35.916+0000] {processor.py:183} INFO - Processing /opt/airflow/dags/mongo_to_pg_dag.py took 0.124 seconds
[2026-03-10T20:33:30.926+0000] {processor.py:161} INFO - Started process (PID=275) to work on /opt/airflow/dags/mongo_to_pg_dag.py
[2026-03-10T20:33:30.928+0000] {processor.py:830} INFO - Processing file /opt/airflow/dags/mongo_to_pg_dag.py for tasks to queue
[2026-03-10T20:33:30.929+0000] {logging_mixin.py:188} INFO - [2026-03-10T20:33:30.929+0000] {dagbag.py:538} INFO - Filling up the DagBag from /opt/airflow/dags/mongo_to_pg_dag.py
[2026-03-10T20:33:31.226+0000] {logging_mixin.py:188} INFO - [2026-03-10T20:33:31.221+0000] {dagbag.py:348} ERROR - Failed to import: /opt/airflow/dags/mongo_to_pg_dag.py
Traceback (most recent call last):
  File "/home/airflow/.local/lib/python3.8/site-packages/airflow/models/dagbag.py", line 344, in parse
    loader.exec_module(new_module)
  File "<frozen importlib._bootstrap_external>", line 843, in exec_module
  File "<frozen importlib._bootstrap>", line 219, in _call_with_frames_removed
  File "/opt/airflow/dags/mongo_to_pg_dag.py", line 4, in <module>
    from pymongo import MongoClient
ModuleNotFoundError: No module named 'pymongo'
[2026-03-10T20:33:31.227+0000] {processor.py:842} WARNING - No viable dags retrieved from /opt/airflow/dags/mongo_to_pg_dag.py
[2026-03-10T20:33:31.353+0000] {processor.py:183} INFO - Processing /opt/airflow/dags/mongo_to_pg_dag.py took 0.432 seconds
[2026-03-10T20:34:01.428+0000] {processor.py:161} INFO - Started process (PID=280) to work on /opt/airflow/dags/mongo_to_pg_dag.py
[2026-03-10T20:34:01.430+0000] {processor.py:830} INFO - Processing file /opt/airflow/dags/mongo_to_pg_dag.py for tasks to queue
[2026-03-10T20:34:01.431+0000] {logging_mixin.py:188} INFO - [2026-03-10T20:34:01.431+0000] {dagbag.py:538} INFO - Filling up the DagBag from /opt/airflow/dags/mongo_to_pg_dag.py
[2026-03-10T20:34:01.446+0000] {logging_mixin.py:188} INFO - [2026-03-10T20:34:01.444+0000] {dagbag.py:348} ERROR - Failed to import: /opt/airflow/dags/mongo_to_pg_dag.py
Traceback (most recent call last):
  File "/home/airflow/.local/lib/python3.8/site-packages/airflow/models/dagbag.py", line 344, in parse
    loader.exec_module(new_module)
  File "<frozen importlib._bootstrap_external>", line 843, in exec_module
  File "<frozen importlib._bootstrap>", line 219, in _call_with_frames_removed
  File "/opt/airflow/dags/mongo_to_pg_dag.py", line 4, in <module>
    from pymongo import MongoClient
ModuleNotFoundError: No module named 'pymongo'
[2026-03-10T20:34:01.447+0000] {processor.py:842} WARNING - No viable dags retrieved from /opt/airflow/dags/mongo_to_pg_dag.py
[2026-03-10T20:34:01.468+0000] {processor.py:183} INFO - Processing /opt/airflow/dags/mongo_to_pg_dag.py took 0.045 seconds
[2026-03-10T20:34:31.608+0000] {processor.py:161} INFO - Started process (PID=285) to work on /opt/airflow/dags/mongo_to_pg_dag.py
[2026-03-10T20:34:31.609+0000] {processor.py:830} INFO - Processing file /opt/airflow/dags/mongo_to_pg_dag.py for tasks to queue
[2026-03-10T20:34:31.610+0000] {logging_mixin.py:188} INFO - [2026-03-10T20:34:31.610+0000] {dagbag.py:538} INFO - Filling up the DagBag from /opt/airflow/dags/mongo_to_pg_dag.py
[2026-03-10T20:34:31.627+0000] {logging_mixin.py:188} INFO - [2026-03-10T20:34:31.624+0000] {dagbag.py:348} ERROR - Failed to import: /opt/airflow/dags/mongo_to_pg_dag.py
Traceback (most recent call last):
  File "/home/airflow/.local/lib/python3.8/site-packages/airflow/models/dagbag.py", line 344, in parse
    loader.exec_module(new_module)
  File "<frozen importlib._bootstrap_external>", line 843, in exec_module
  File "<frozen importlib._bootstrap>", line 219, in _call_with_frames_removed
  File "/opt/airflow/dags/mongo_to_pg_dag.py", line 4, in <module>
    from pymongo import MongoClient
ModuleNotFoundError: No module named 'pymongo'
[2026-03-10T20:34:31.628+0000] {processor.py:842} WARNING - No viable dags retrieved from /opt/airflow/dags/mongo_to_pg_dag.py
[2026-03-10T20:34:31.647+0000] {processor.py:183} INFO - Processing /opt/airflow/dags/mongo_to_pg_dag.py took 0.043 seconds
[2026-03-10T20:35:01.801+0000] {processor.py:161} INFO - Started process (PID=290) to work on /opt/airflow/dags/mongo_to_pg_dag.py
[2026-03-10T20:35:01.804+0000] {processor.py:830} INFO - Processing file /opt/airflow/dags/mongo_to_pg_dag.py for tasks to queue
[2026-03-10T20:35:01.805+0000] {logging_mixin.py:188} INFO - [2026-03-10T20:35:01.805+0000] {dagbag.py:538} INFO - Filling up the DagBag from /opt/airflow/dags/mongo_to_pg_dag.py
[2026-03-10T20:35:01.824+0000] {logging_mixin.py:188} INFO - [2026-03-10T20:35:01.819+0000] {dagbag.py:348} ERROR - Failed to import: /opt/airflow/dags/mongo_to_pg_dag.py
Traceback (most recent call last):
  File "/home/airflow/.local/lib/python3.8/site-packages/airflow/models/dagbag.py", line 344, in parse
    loader.exec_module(new_module)
  File "<frozen importlib._bootstrap_external>", line 843, in exec_module
  File "<frozen importlib._bootstrap>", line 219, in _call_with_frames_removed
  File "/opt/airflow/dags/mongo_to_pg_dag.py", line 4, in <module>
    from pymongo import MongoClient
ModuleNotFoundError: No module named 'pymongo'
[2026-03-10T20:35:01.825+0000] {processor.py:842} WARNING - No viable dags retrieved from /opt/airflow/dags/mongo_to_pg_dag.py
[2026-03-10T20:35:01.853+0000] {processor.py:183} INFO - Processing /opt/airflow/dags/mongo_to_pg_dag.py took 0.062 seconds
[2026-03-10T20:35:31.989+0000] {processor.py:161} INFO - Started process (PID=295) to work on /opt/airflow/dags/mongo_to_pg_dag.py
[2026-03-10T20:35:31.990+0000] {processor.py:830} INFO - Processing file /opt/airflow/dags/mongo_to_pg_dag.py for tasks to queue
[2026-03-10T20:35:31.991+0000] {logging_mixin.py:188} INFO - [2026-03-10T20:35:31.991+0000] {dagbag.py:538} INFO - Filling up the DagBag from /opt/airflow/dags/mongo_to_pg_dag.py
[2026-03-10T20:35:32.004+0000] {logging_mixin.py:188} INFO - [2026-03-10T20:35:32.002+0000] {dagbag.py:348} ERROR - Failed to import: /opt/airflow/dags/mongo_to_pg_dag.py
Traceback (most recent call last):
  File "/home/airflow/.local/lib/python3.8/site-packages/airflow/models/dagbag.py", line 344, in parse
    loader.exec_module(new_module)
  File "<frozen importlib._bootstrap_external>", line 843, in exec_module
  File "<frozen importlib._bootstrap>", line 219, in _call_with_frames_removed
  File "/opt/airflow/dags/mongo_to_pg_dag.py", line 4, in <module>
    from pymongo import MongoClient
ModuleNotFoundError: No module named 'pymongo'
[2026-03-10T20:35:32.005+0000] {processor.py:842} WARNING - No viable dags retrieved from /opt/airflow/dags/mongo_to_pg_dag.py
[2026-03-10T20:35:32.026+0000] {processor.py:183} INFO - Processing /opt/airflow/dags/mongo_to_pg_dag.py took 0.041 seconds
[2026-03-10T20:36:02.207+0000] {processor.py:161} INFO - Started process (PID=300) to work on /opt/airflow/dags/mongo_to_pg_dag.py
[2026-03-10T20:36:02.208+0000] {processor.py:830} INFO - Processing file /opt/airflow/dags/mongo_to_pg_dag.py for tasks to queue
[2026-03-10T20:36:02.209+0000] {logging_mixin.py:188} INFO - [2026-03-10T20:36:02.208+0000] {dagbag.py:538} INFO - Filling up the DagBag from /opt/airflow/dags/mongo_to_pg_dag.py
[2026-03-10T20:36:02.220+0000] {logging_mixin.py:188} INFO - [2026-03-10T20:36:02.218+0000] {dagbag.py:348} ERROR - Failed to import: /opt/airflow/dags/mongo_to_pg_dag.py
Traceback (most recent call last):
  File "/home/airflow/.local/lib/python3.8/site-packages/airflow/models/dagbag.py", line 344, in parse
    loader.exec_module(new_module)
  File "<frozen importlib._bootstrap_external>", line 843, in exec_module
  File "<frozen importlib._bootstrap>", line 219, in _call_with_frames_removed
  File "/opt/airflow/dags/mongo_to_pg_dag.py", line 4, in <module>
    from pymongo import MongoClient
ModuleNotFoundError: No module named 'pymongo'
[2026-03-10T20:36:02.221+0000] {processor.py:842} WARNING - No viable dags retrieved from /opt/airflow/dags/mongo_to_pg_dag.py
[2026-03-10T20:36:02.294+0000] {processor.py:183} INFO - Processing /opt/airflow/dags/mongo_to_pg_dag.py took 0.090 seconds
[2026-03-10T20:36:32.389+0000] {processor.py:161} INFO - Started process (PID=305) to work on /opt/airflow/dags/mongo_to_pg_dag.py
[2026-03-10T20:36:32.390+0000] {processor.py:830} INFO - Processing file /opt/airflow/dags/mongo_to_pg_dag.py for tasks to queue
[2026-03-10T20:36:32.391+0000] {logging_mixin.py:188} INFO - [2026-03-10T20:36:32.390+0000] {dagbag.py:538} INFO - Filling up the DagBag from /opt/airflow/dags/mongo_to_pg_dag.py
[2026-03-10T20:36:32.404+0000] {logging_mixin.py:188} INFO - [2026-03-10T20:36:32.401+0000] {dagbag.py:348} ERROR - Failed to import: /opt/airflow/dags/mongo_to_pg_dag.py
Traceback (most recent call last):
  File "/home/airflow/.local/lib/python3.8/site-packages/airflow/models/dagbag.py", line 344, in parse
    loader.exec_module(new_module)
  File "<frozen importlib._bootstrap_external>", line 843, in exec_module
  File "<frozen importlib._bootstrap>", line 219, in _call_with_frames_removed
  File "/opt/airflow/dags/mongo_to_pg_dag.py", line 4, in <module>
    from pymongo import MongoClient
ModuleNotFoundError: No module named 'pymongo'
[2026-03-10T20:36:32.405+0000] {processor.py:842} WARNING - No viable dags retrieved from /opt/airflow/dags/mongo_to_pg_dag.py
[2026-03-10T20:36:32.465+0000] {processor.py:183} INFO - Processing /opt/airflow/dags/mongo_to_pg_dag.py took 0.079 seconds
[2026-03-10T20:37:02.627+0000] {processor.py:161} INFO - Started process (PID=310) to work on /opt/airflow/dags/mongo_to_pg_dag.py
[2026-03-10T20:37:02.628+0000] {processor.py:830} INFO - Processing file /opt/airflow/dags/mongo_to_pg_dag.py for tasks to queue
[2026-03-10T20:37:02.628+0000] {logging_mixin.py:188} INFO - [2026-03-10T20:37:02.628+0000] {dagbag.py:538} INFO - Filling up the DagBag from /opt/airflow/dags/mongo_to_pg_dag.py
[2026-03-10T20:37:02.640+0000] {logging_mixin.py:188} INFO - [2026-03-10T20:37:02.638+0000] {dagbag.py:348} ERROR - Failed to import: /opt/airflow/dags/mongo_to_pg_dag.py
Traceback (most recent call last):
  File "/home/airflow/.local/lib/python3.8/site-packages/airflow/models/dagbag.py", line 344, in parse
    loader.exec_module(new_module)
  File "<frozen importlib._bootstrap_external>", line 843, in exec_module
  File "<frozen importlib._bootstrap>", line 219, in _call_with_frames_removed
  File "/opt/airflow/dags/mongo_to_pg_dag.py", line 4, in <module>
    from pymongo import MongoClient
ModuleNotFoundError: No module named 'pymongo'
[2026-03-10T20:37:02.641+0000] {processor.py:842} WARNING - No viable dags retrieved from /opt/airflow/dags/mongo_to_pg_dag.py
[2026-03-10T20:37:02.698+0000] {processor.py:183} INFO - Processing /opt/airflow/dags/mongo_to_pg_dag.py took 0.074 seconds
[2026-03-10T20:37:32.806+0000] {processor.py:161} INFO - Started process (PID=315) to work on /opt/airflow/dags/mongo_to_pg_dag.py
[2026-03-10T20:37:32.807+0000] {processor.py:830} INFO - Processing file /opt/airflow/dags/mongo_to_pg_dag.py for tasks to queue
[2026-03-10T20:37:32.808+0000] {logging_mixin.py:188} INFO - [2026-03-10T20:37:32.808+0000] {dagbag.py:538} INFO - Filling up the DagBag from /opt/airflow/dags/mongo_to_pg_dag.py
[2026-03-10T20:37:32.820+0000] {logging_mixin.py:188} INFO - [2026-03-10T20:37:32.818+0000] {dagbag.py:348} ERROR - Failed to import: /opt/airflow/dags/mongo_to_pg_dag.py
Traceback (most recent call last):
  File "/home/airflow/.local/lib/python3.8/site-packages/airflow/models/dagbag.py", line 344, in parse
    loader.exec_module(new_module)
  File "<frozen importlib._bootstrap_external>", line 843, in exec_module
  File "<frozen importlib._bootstrap>", line 219, in _call_with_frames_removed
  File "/opt/airflow/dags/mongo_to_pg_dag.py", line 4, in <module>
    from pymongo import MongoClient
ModuleNotFoundError: No module named 'pymongo'
[2026-03-10T20:37:32.821+0000] {processor.py:842} WARNING - No viable dags retrieved from /opt/airflow/dags/mongo_to_pg_dag.py
[2026-03-10T20:37:32.881+0000] {processor.py:183} INFO - Processing /opt/airflow/dags/mongo_to_pg_dag.py took 0.078 seconds
[2026-03-10T20:38:03.047+0000] {processor.py:161} INFO - Started process (PID=320) to work on /opt/airflow/dags/mongo_to_pg_dag.py
[2026-03-10T20:38:03.048+0000] {processor.py:830} INFO - Processing file /opt/airflow/dags/mongo_to_pg_dag.py for tasks to queue
[2026-03-10T20:38:03.049+0000] {logging_mixin.py:188} INFO - [2026-03-10T20:38:03.049+0000] {dagbag.py:538} INFO - Filling up the DagBag from /opt/airflow/dags/mongo_to_pg_dag.py
[2026-03-10T20:38:03.066+0000] {logging_mixin.py:188} INFO - [2026-03-10T20:38:03.063+0000] {dagbag.py:348} ERROR - Failed to import: /opt/airflow/dags/mongo_to_pg_dag.py
Traceback (most recent call last):
  File "/home/airflow/.local/lib/python3.8/site-packages/airflow/models/dagbag.py", line 344, in parse
    loader.exec_module(new_module)
  File "<frozen importlib._bootstrap_external>", line 843, in exec_module
  File "<frozen importlib._bootstrap>", line 219, in _call_with_frames_removed
  File "/opt/airflow/dags/mongo_to_pg_dag.py", line 4, in <module>
    from pymongo import MongoClient
ModuleNotFoundError: No module named 'pymongo'
[2026-03-10T20:38:03.067+0000] {processor.py:842} WARNING - No viable dags retrieved from /opt/airflow/dags/mongo_to_pg_dag.py
[2026-03-10T20:38:03.091+0000] {processor.py:183} INFO - Processing /opt/airflow/dags/mongo_to_pg_dag.py took 0.049 seconds
[2026-03-10T20:38:33.215+0000] {processor.py:161} INFO - Started process (PID=325) to work on /opt/airflow/dags/mongo_to_pg_dag.py
[2026-03-10T20:38:33.216+0000] {processor.py:830} INFO - Processing file /opt/airflow/dags/mongo_to_pg_dag.py for tasks to queue
[2026-03-10T20:38:33.216+0000] {logging_mixin.py:188} INFO - [2026-03-10T20:38:33.216+0000] {dagbag.py:538} INFO - Filling up the DagBag from /opt/airflow/dags/mongo_to_pg_dag.py
[2026-03-10T20:38:33.228+0000] {logging_mixin.py:188} INFO - [2026-03-10T20:38:33.226+0000] {dagbag.py:348} ERROR - Failed to import: /opt/airflow/dags/mongo_to_pg_dag.py
Traceback (most recent call last):
  File "/home/airflow/.local/lib/python3.8/site-packages/airflow/models/dagbag.py", line 344, in parse
    loader.exec_module(new_module)
  File "<frozen importlib._bootstrap_external>", line 843, in exec_module
  File "<frozen importlib._bootstrap>", line 219, in _call_with_frames_removed
  File "/opt/airflow/dags/mongo_to_pg_dag.py", line 4, in <module>
    from pymongo import MongoClient
ModuleNotFoundError: No module named 'pymongo'
[2026-03-10T20:38:33.229+0000] {processor.py:842} WARNING - No viable dags retrieved from /opt/airflow/dags/mongo_to_pg_dag.py
[2026-03-10T20:38:33.247+0000] {processor.py:183} INFO - Processing /opt/airflow/dags/mongo_to_pg_dag.py took 0.036 seconds
[2026-03-10T20:39:03.416+0000] {processor.py:161} INFO - Started process (PID=330) to work on /opt/airflow/dags/mongo_to_pg_dag.py
[2026-03-10T20:39:03.416+0000] {processor.py:830} INFO - Processing file /opt/airflow/dags/mongo_to_pg_dag.py for tasks to queue
[2026-03-10T20:39:03.417+0000] {logging_mixin.py:188} INFO - [2026-03-10T20:39:03.417+0000] {dagbag.py:538} INFO - Filling up the DagBag from /opt/airflow/dags/mongo_to_pg_dag.py
[2026-03-10T20:39:03.429+0000] {logging_mixin.py:188} INFO - [2026-03-10T20:39:03.427+0000] {dagbag.py:348} ERROR - Failed to import: /opt/airflow/dags/mongo_to_pg_dag.py
Traceback (most recent call last):
  File "/home/airflow/.local/lib/python3.8/site-packages/airflow/models/dagbag.py", line 344, in parse
    loader.exec_module(new_module)
  File "<frozen importlib._bootstrap_external>", line 843, in exec_module
  File "<frozen importlib._bootstrap>", line 219, in _call_with_frames_removed
  File "/opt/airflow/dags/mongo_to_pg_dag.py", line 4, in <module>
    from pymongo import MongoClient
ModuleNotFoundError: No module named 'pymongo'
[2026-03-10T20:39:03.429+0000] {processor.py:842} WARNING - No viable dags retrieved from /opt/airflow/dags/mongo_to_pg_dag.py
[2026-03-10T20:39:03.481+0000] {processor.py:183} INFO - Processing /opt/airflow/dags/mongo_to_pg_dag.py took 0.068 seconds
[2026-03-10T20:39:33.599+0000] {processor.py:161} INFO - Started process (PID=335) to work on /opt/airflow/dags/mongo_to_pg_dag.py
[2026-03-10T20:39:33.601+0000] {processor.py:830} INFO - Processing file /opt/airflow/dags/mongo_to_pg_dag.py for tasks to queue
[2026-03-10T20:39:33.602+0000] {logging_mixin.py:188} INFO - [2026-03-10T20:39:33.601+0000] {dagbag.py:538} INFO - Filling up the DagBag from /opt/airflow/dags/mongo_to_pg_dag.py
[2026-03-10T20:39:33.619+0000] {logging_mixin.py:188} INFO - [2026-03-10T20:39:33.616+0000] {dagbag.py:348} ERROR - Failed to import: /opt/airflow/dags/mongo_to_pg_dag.py
Traceback (most recent call last):
  File "/home/airflow/.local/lib/python3.8/site-packages/airflow/models/dagbag.py", line 344, in parse
    loader.exec_module(new_module)
  File "<frozen importlib._bootstrap_external>", line 843, in exec_module
  File "<frozen importlib._bootstrap>", line 219, in _call_with_frames_removed
  File "/opt/airflow/dags/mongo_to_pg_dag.py", line 4, in <module>
    from pymongo import MongoClient
ModuleNotFoundError: No module named 'pymongo'
[2026-03-10T20:39:33.621+0000] {processor.py:842} WARNING - No viable dags retrieved from /opt/airflow/dags/mongo_to_pg_dag.py
[2026-03-10T20:39:33.649+0000] {processor.py:183} INFO - Processing /opt/airflow/dags/mongo_to_pg_dag.py took 0.055 seconds
[2026-03-10T20:40:03.814+0000] {processor.py:161} INFO - Started process (PID=340) to work on /opt/airflow/dags/mongo_to_pg_dag.py
[2026-03-10T20:40:03.815+0000] {processor.py:830} INFO - Processing file /opt/airflow/dags/mongo_to_pg_dag.py for tasks to queue
[2026-03-10T20:40:03.816+0000] {logging_mixin.py:188} INFO - [2026-03-10T20:40:03.816+0000] {dagbag.py:538} INFO - Filling up the DagBag from /opt/airflow/dags/mongo_to_pg_dag.py
[2026-03-10T20:40:03.830+0000] {logging_mixin.py:188} INFO - [2026-03-10T20:40:03.827+0000] {dagbag.py:348} ERROR - Failed to import: /opt/airflow/dags/mongo_to_pg_dag.py
Traceback (most recent call last):
  File "/home/airflow/.local/lib/python3.8/site-packages/airflow/models/dagbag.py", line 344, in parse
    loader.exec_module(new_module)
  File "<frozen importlib._bootstrap_external>", line 843, in exec_module
  File "<frozen importlib._bootstrap>", line 219, in _call_with_frames_removed
  File "/opt/airflow/dags/mongo_to_pg_dag.py", line 4, in <module>
    from pymongo import MongoClient
ModuleNotFoundError: No module named 'pymongo'
[2026-03-10T20:40:03.831+0000] {processor.py:842} WARNING - No viable dags retrieved from /opt/airflow/dags/mongo_to_pg_dag.py
[2026-03-10T20:40:03.853+0000] {processor.py:183} INFO - Processing /opt/airflow/dags/mongo_to_pg_dag.py took 0.042 seconds
[2026-03-10T20:40:33.989+0000] {processor.py:161} INFO - Started process (PID=345) to work on /opt/airflow/dags/mongo_to_pg_dag.py
[2026-03-10T20:40:33.990+0000] {processor.py:830} INFO - Processing file /opt/airflow/dags/mongo_to_pg_dag.py for tasks to queue
[2026-03-10T20:40:33.991+0000] {logging_mixin.py:188} INFO - [2026-03-10T20:40:33.991+0000] {dagbag.py:538} INFO - Filling up the DagBag from /opt/airflow/dags/mongo_to_pg_dag.py
[2026-03-10T20:40:34.045+0000] {logging_mixin.py:188} INFO - [2026-03-10T20:40:34.001+0000] {dagbag.py:348} ERROR - Failed to import: /opt/airflow/dags/mongo_to_pg_dag.py
Traceback (most recent call last):
  File "/home/airflow/.local/lib/python3.8/site-packages/airflow/models/dagbag.py", line 344, in parse
    loader.exec_module(new_module)
  File "<frozen importlib._bootstrap_external>", line 843, in exec_module
  File "<frozen importlib._bootstrap>", line 219, in _call_with_frames_removed
  File "/opt/airflow/dags/mongo_to_pg_dag.py", line 4, in <module>
    from pymongo import MongoClient
ModuleNotFoundError: No module named 'pymongo'
[2026-03-10T20:40:34.046+0000] {processor.py:842} WARNING - No viable dags retrieved from /opt/airflow/dags/mongo_to_pg_dag.py
[2026-03-10T20:40:34.068+0000] {processor.py:183} INFO - Processing /opt/airflow/dags/mongo_to_pg_dag.py took 0.081 seconds
[2026-03-10T20:41:04.163+0000] {processor.py:161} INFO - Started process (PID=350) to work on /opt/airflow/dags/mongo_to_pg_dag.py
[2026-03-10T20:41:04.164+0000] {processor.py:830} INFO - Processing file /opt/airflow/dags/mongo_to_pg_dag.py for tasks to queue
[2026-03-10T20:41:04.165+0000] {logging_mixin.py:188} INFO - [2026-03-10T20:41:04.165+0000] {dagbag.py:538} INFO - Filling up the DagBag from /opt/airflow/dags/mongo_to_pg_dag.py
[2026-03-10T20:41:04.178+0000] {logging_mixin.py:188} INFO - [2026-03-10T20:41:04.176+0000] {dagbag.py:348} ERROR - Failed to import: /opt/airflow/dags/mongo_to_pg_dag.py
Traceback (most recent call last):
  File "/home/airflow/.local/lib/python3.8/site-packages/airflow/models/dagbag.py", line 344, in parse
    loader.exec_module(new_module)
  File "<frozen importlib._bootstrap_external>", line 843, in exec_module
  File "<frozen importlib._bootstrap>", line 219, in _call_with_frames_removed
  File "/opt/airflow/dags/mongo_to_pg_dag.py", line 4, in <module>
    from pymongo import MongoClient
ModuleNotFoundError: No module named 'pymongo'
[2026-03-10T20:41:04.180+0000] {processor.py:842} WARNING - No viable dags retrieved from /opt/airflow/dags/mongo_to_pg_dag.py
[2026-03-10T20:41:04.240+0000] {processor.py:183} INFO - Processing /opt/airflow/dags/mongo_to_pg_dag.py took 0.081 seconds
[2026-03-10T20:41:34.423+0000] {processor.py:161} INFO - Started process (PID=355) to work on /opt/airflow/dags/mongo_to_pg_dag.py
[2026-03-10T20:41:34.485+0000] {processor.py:830} INFO - Processing file /opt/airflow/dags/mongo_to_pg_dag.py for tasks to queue
[2026-03-10T20:41:34.487+0000] {logging_mixin.py:188} INFO - [2026-03-10T20:41:34.486+0000] {dagbag.py:538} INFO - Filling up the DagBag from /opt/airflow/dags/mongo_to_pg_dag.py
[2026-03-10T20:41:34.503+0000] {logging_mixin.py:188} INFO - [2026-03-10T20:41:34.500+0000] {dagbag.py:348} ERROR - Failed to import: /opt/airflow/dags/mongo_to_pg_dag.py
Traceback (most recent call last):
  File "/home/airflow/.local/lib/python3.8/site-packages/airflow/models/dagbag.py", line 344, in parse
    loader.exec_module(new_module)
  File "<frozen importlib._bootstrap_external>", line 843, in exec_module
  File "<frozen importlib._bootstrap>", line 219, in _call_with_frames_removed
  File "/opt/airflow/dags/mongo_to_pg_dag.py", line 4, in <module>
    from pymongo import MongoClient
ModuleNotFoundError: No module named 'pymongo'
[2026-03-10T20:41:34.504+0000] {processor.py:842} WARNING - No viable dags retrieved from /opt/airflow/dags/mongo_to_pg_dag.py
[2026-03-10T20:41:34.523+0000] {processor.py:183} INFO - Processing /opt/airflow/dags/mongo_to_pg_dag.py took 0.103 seconds
[2026-03-10T20:42:04.607+0000] {processor.py:161} INFO - Started process (PID=360) to work on /opt/airflow/dags/mongo_to_pg_dag.py
[2026-03-10T20:42:04.608+0000] {processor.py:830} INFO - Processing file /opt/airflow/dags/mongo_to_pg_dag.py for tasks to queue
[2026-03-10T20:42:04.609+0000] {logging_mixin.py:188} INFO - [2026-03-10T20:42:04.609+0000] {dagbag.py:538} INFO - Filling up the DagBag from /opt/airflow/dags/mongo_to_pg_dag.py
[2026-03-10T20:42:04.624+0000] {logging_mixin.py:188} INFO - [2026-03-10T20:42:04.621+0000] {dagbag.py:348} ERROR - Failed to import: /opt/airflow/dags/mongo_to_pg_dag.py
Traceback (most recent call last):
  File "/home/airflow/.local/lib/python3.8/site-packages/airflow/models/dagbag.py", line 344, in parse
    loader.exec_module(new_module)
  File "<frozen importlib._bootstrap_external>", line 843, in exec_module
  File "<frozen importlib._bootstrap>", line 219, in _call_with_frames_removed
  File "/opt/airflow/dags/mongo_to_pg_dag.py", line 4, in <module>
    from pymongo import MongoClient
ModuleNotFoundError: No module named 'pymongo'
[2026-03-10T20:42:04.626+0000] {processor.py:842} WARNING - No viable dags retrieved from /opt/airflow/dags/mongo_to_pg_dag.py
[2026-03-10T20:42:04.647+0000] {processor.py:183} INFO - Processing /opt/airflow/dags/mongo_to_pg_dag.py took 0.045 seconds
[2026-03-10T20:42:34.778+0000] {processor.py:161} INFO - Started process (PID=365) to work on /opt/airflow/dags/mongo_to_pg_dag.py
[2026-03-10T20:42:34.779+0000] {processor.py:830} INFO - Processing file /opt/airflow/dags/mongo_to_pg_dag.py for tasks to queue
[2026-03-10T20:42:34.780+0000] {logging_mixin.py:188} INFO - [2026-03-10T20:42:34.780+0000] {dagbag.py:538} INFO - Filling up the DagBag from /opt/airflow/dags/mongo_to_pg_dag.py
[2026-03-10T20:42:34.794+0000] {logging_mixin.py:188} INFO - [2026-03-10T20:42:34.791+0000] {dagbag.py:348} ERROR - Failed to import: /opt/airflow/dags/mongo_to_pg_dag.py
Traceback (most recent call last):
  File "/home/airflow/.local/lib/python3.8/site-packages/airflow/models/dagbag.py", line 344, in parse
    loader.exec_module(new_module)
  File "<frozen importlib._bootstrap_external>", line 843, in exec_module
  File "<frozen importlib._bootstrap>", line 219, in _call_with_frames_removed
  File "/opt/airflow/dags/mongo_to_pg_dag.py", line 4, in <module>
    from pymongo import MongoClient
ModuleNotFoundError: No module named 'pymongo'
[2026-03-10T20:42:34.796+0000] {processor.py:842} WARNING - No viable dags retrieved from /opt/airflow/dags/mongo_to_pg_dag.py
[2026-03-10T20:42:34.858+0000] {processor.py:183} INFO - Processing /opt/airflow/dags/mongo_to_pg_dag.py took 0.083 seconds
[2026-03-10T20:43:04.973+0000] {processor.py:161} INFO - Started process (PID=370) to work on /opt/airflow/dags/mongo_to_pg_dag.py
[2026-03-10T20:43:04.974+0000] {processor.py:830} INFO - Processing file /opt/airflow/dags/mongo_to_pg_dag.py for tasks to queue
[2026-03-10T20:43:04.975+0000] {logging_mixin.py:188} INFO - [2026-03-10T20:43:04.975+0000] {dagbag.py:538} INFO - Filling up the DagBag from /opt/airflow/dags/mongo_to_pg_dag.py
[2026-03-10T20:43:04.990+0000] {logging_mixin.py:188} INFO - [2026-03-10T20:43:04.988+0000] {dagbag.py:348} ERROR - Failed to import: /opt/airflow/dags/mongo_to_pg_dag.py
Traceback (most recent call last):
  File "/home/airflow/.local/lib/python3.8/site-packages/airflow/models/dagbag.py", line 344, in parse
    loader.exec_module(new_module)
  File "<frozen importlib._bootstrap_external>", line 843, in exec_module
  File "<frozen importlib._bootstrap>", line 219, in _call_with_frames_removed
  File "/opt/airflow/dags/mongo_to_pg_dag.py", line 4, in <module>
    from pymongo import MongoClient
ModuleNotFoundError: No module named 'pymongo'
[2026-03-10T20:43:04.992+0000] {processor.py:842} WARNING - No viable dags retrieved from /opt/airflow/dags/mongo_to_pg_dag.py
[2026-03-10T20:43:05.052+0000] {processor.py:183} INFO - Processing /opt/airflow/dags/mongo_to_pg_dag.py took 0.085 seconds
[2026-03-10T20:43:35.151+0000] {processor.py:161} INFO - Started process (PID=441) to work on /opt/airflow/dags/mongo_to_pg_dag.py
[2026-03-10T20:43:35.152+0000] {processor.py:830} INFO - Processing file /opt/airflow/dags/mongo_to_pg_dag.py for tasks to queue
[2026-03-10T20:43:35.153+0000] {logging_mixin.py:188} INFO - [2026-03-10T20:43:35.153+0000] {dagbag.py:538} INFO - Filling up the DagBag from /opt/airflow/dags/mongo_to_pg_dag.py
[2026-03-10T20:43:35.168+0000] {logging_mixin.py:188} INFO - [2026-03-10T20:43:35.165+0000] {dagbag.py:348} ERROR - Failed to import: /opt/airflow/dags/mongo_to_pg_dag.py
Traceback (most recent call last):
  File "/home/airflow/.local/lib/python3.8/site-packages/airflow/models/dagbag.py", line 344, in parse
    loader.exec_module(new_module)
  File "<frozen importlib._bootstrap_external>", line 843, in exec_module
  File "<frozen importlib._bootstrap>", line 219, in _call_with_frames_removed
  File "/opt/airflow/dags/mongo_to_pg_dag.py", line 4, in <module>
    from pymongo import MongoClient
ModuleNotFoundError: No module named 'pymongo'
[2026-03-10T20:43:35.169+0000] {processor.py:842} WARNING - No viable dags retrieved from /opt/airflow/dags/mongo_to_pg_dag.py
[2026-03-10T20:43:35.196+0000] {processor.py:183} INFO - Processing /opt/airflow/dags/mongo_to_pg_dag.py took 0.049 seconds
[2026-03-10T20:44:33.124+0000] {processor.py:161} INFO - Started process (PID=190) to work on /opt/airflow/dags/mongo_to_pg_dag.py
[2026-03-10T20:44:33.125+0000] {processor.py:830} INFO - Processing file /opt/airflow/dags/mongo_to_pg_dag.py for tasks to queue
[2026-03-10T20:44:33.128+0000] {logging_mixin.py:188} INFO - [2026-03-10T20:44:33.128+0000] {dagbag.py:538} INFO - Filling up the DagBag from /opt/airflow/dags/mongo_to_pg_dag.py
[2026-03-10T20:44:33.341+0000] {logging_mixin.py:188} INFO - [2026-03-10T20:44:33.332+0000] {dagbag.py:348} ERROR - Failed to import: /opt/airflow/dags/mongo_to_pg_dag.py
Traceback (most recent call last):
  File "/home/airflow/.local/lib/python3.8/site-packages/airflow/models/dagbag.py", line 344, in parse
    loader.exec_module(new_module)
  File "<frozen importlib._bootstrap_external>", line 843, in exec_module
  File "<frozen importlib._bootstrap>", line 219, in _call_with_frames_removed
  File "/opt/airflow/dags/mongo_to_pg_dag.py", line 14, in <module>
    'start_date': datetime(2026, 1, 1),
NameError: name 'datetime' is not defined
[2026-03-10T20:44:33.347+0000] {processor.py:842} WARNING - No viable dags retrieved from /opt/airflow/dags/mongo_to_pg_dag.py
[2026-03-10T20:44:33.363+0000] {processor.py:183} INFO - Processing /opt/airflow/dags/mongo_to_pg_dag.py took 0.242 seconds
[2026-03-10T20:45:03.533+0000] {processor.py:161} INFO - Started process (PID=195) to work on /opt/airflow/dags/mongo_to_pg_dag.py
[2026-03-10T20:45:03.534+0000] {processor.py:830} INFO - Processing file /opt/airflow/dags/mongo_to_pg_dag.py for tasks to queue
[2026-03-10T20:45:03.535+0000] {logging_mixin.py:188} INFO - [2026-03-10T20:45:03.535+0000] {dagbag.py:538} INFO - Filling up the DagBag from /opt/airflow/dags/mongo_to_pg_dag.py
[2026-03-10T20:45:03.622+0000] {logging_mixin.py:188} INFO - [2026-03-10T20:45:03.620+0000] {dagbag.py:348} ERROR - Failed to import: /opt/airflow/dags/mongo_to_pg_dag.py
Traceback (most recent call last):
  File "/home/airflow/.local/lib/python3.8/site-packages/airflow/models/dagbag.py", line 344, in parse
    loader.exec_module(new_module)
  File "<frozen importlib._bootstrap_external>", line 843, in exec_module
  File "<frozen importlib._bootstrap>", line 219, in _call_with_frames_removed
  File "/opt/airflow/dags/mongo_to_pg_dag.py", line 14, in <module>
    'start_date': datetime(2026, 1, 1),
NameError: name 'datetime' is not defined
[2026-03-10T20:45:03.623+0000] {processor.py:842} WARNING - No viable dags retrieved from /opt/airflow/dags/mongo_to_pg_dag.py
[2026-03-10T20:45:03.683+0000] {processor.py:183} INFO - Processing /opt/airflow/dags/mongo_to_pg_dag.py took 0.153 seconds
[2026-03-10T20:45:33.852+0000] {processor.py:161} INFO - Started process (PID=200) to work on /opt/airflow/dags/mongo_to_pg_dag.py
[2026-03-10T20:45:33.854+0000] {processor.py:830} INFO - Processing file /opt/airflow/dags/mongo_to_pg_dag.py for tasks to queue
[2026-03-10T20:45:33.855+0000] {logging_mixin.py:188} INFO - [2026-03-10T20:45:33.854+0000] {dagbag.py:538} INFO - Filling up the DagBag from /opt/airflow/dags/mongo_to_pg_dag.py
[2026-03-10T20:45:33.941+0000] {logging_mixin.py:188} INFO - [2026-03-10T20:45:33.938+0000] {dagbag.py:348} ERROR - Failed to import: /opt/airflow/dags/mongo_to_pg_dag.py
Traceback (most recent call last):
  File "/home/airflow/.local/lib/python3.8/site-packages/airflow/models/dagbag.py", line 344, in parse
    loader.exec_module(new_module)
  File "<frozen importlib._bootstrap_external>", line 843, in exec_module
  File "<frozen importlib._bootstrap>", line 219, in _call_with_frames_removed
  File "/opt/airflow/dags/mongo_to_pg_dag.py", line 14, in <module>
    'start_date': datetime(2026, 1, 1),
NameError: name 'datetime' is not defined
[2026-03-10T20:45:33.941+0000] {processor.py:842} WARNING - No viable dags retrieved from /opt/airflow/dags/mongo_to_pg_dag.py
[2026-03-10T20:45:34.002+0000] {processor.py:183} INFO - Processing /opt/airflow/dags/mongo_to_pg_dag.py took 0.154 seconds
[2026-03-10T20:46:04.171+0000] {processor.py:161} INFO - Started process (PID=205) to work on /opt/airflow/dags/mongo_to_pg_dag.py
[2026-03-10T20:46:04.172+0000] {processor.py:830} INFO - Processing file /opt/airflow/dags/mongo_to_pg_dag.py for tasks to queue
[2026-03-10T20:46:04.173+0000] {logging_mixin.py:188} INFO - [2026-03-10T20:46:04.173+0000] {dagbag.py:538} INFO - Filling up the DagBag from /opt/airflow/dags/mongo_to_pg_dag.py
[2026-03-10T20:46:04.260+0000] {logging_mixin.py:188} INFO - [2026-03-10T20:46:04.257+0000] {dagbag.py:348} ERROR - Failed to import: /opt/airflow/dags/mongo_to_pg_dag.py
Traceback (most recent call last):
  File "/home/airflow/.local/lib/python3.8/site-packages/airflow/models/dagbag.py", line 344, in parse
    loader.exec_module(new_module)
  File "<frozen importlib._bootstrap_external>", line 843, in exec_module
  File "<frozen importlib._bootstrap>", line 219, in _call_with_frames_removed
  File "/opt/airflow/dags/mongo_to_pg_dag.py", line 14, in <module>
    'start_date': datetime(2026, 1, 1),
NameError: name 'datetime' is not defined
[2026-03-10T20:46:04.260+0000] {processor.py:842} WARNING - No viable dags retrieved from /opt/airflow/dags/mongo_to_pg_dag.py
[2026-03-10T20:46:04.280+0000] {processor.py:183} INFO - Processing /opt/airflow/dags/mongo_to_pg_dag.py took 0.112 seconds
[2026-03-10T20:46:34.335+0000] {processor.py:161} INFO - Started process (PID=210) to work on /opt/airflow/dags/mongo_to_pg_dag.py
[2026-03-10T20:46:34.336+0000] {processor.py:830} INFO - Processing file /opt/airflow/dags/mongo_to_pg_dag.py for tasks to queue
[2026-03-10T20:46:34.337+0000] {logging_mixin.py:188} INFO - [2026-03-10T20:46:34.337+0000] {dagbag.py:538} INFO - Filling up the DagBag from /opt/airflow/dags/mongo_to_pg_dag.py
[2026-03-10T20:46:34.423+0000] {logging_mixin.py:188} INFO - [2026-03-10T20:46:34.420+0000] {dagbag.py:348} ERROR - Failed to import: /opt/airflow/dags/mongo_to_pg_dag.py
Traceback (most recent call last):
  File "/home/airflow/.local/lib/python3.8/site-packages/airflow/models/dagbag.py", line 344, in parse
    loader.exec_module(new_module)
  File "<frozen importlib._bootstrap_external>", line 843, in exec_module
  File "<frozen importlib._bootstrap>", line 219, in _call_with_frames_removed
  File "/opt/airflow/dags/mongo_to_pg_dag.py", line 14, in <module>
    'start_date': datetime(2026, 1, 1),
NameError: name 'datetime' is not defined
[2026-03-10T20:46:34.424+0000] {processor.py:842} WARNING - No viable dags retrieved from /opt/airflow/dags/mongo_to_pg_dag.py
[2026-03-10T20:46:34.442+0000] {processor.py:183} INFO - Processing /opt/airflow/dags/mongo_to_pg_dag.py took 0.110 seconds
[2026-03-10T20:47:04.612+0000] {processor.py:161} INFO - Started process (PID=215) to work on /opt/airflow/dags/mongo_to_pg_dag.py
[2026-03-10T20:47:04.612+0000] {processor.py:830} INFO - Processing file /opt/airflow/dags/mongo_to_pg_dag.py for tasks to queue
[2026-03-10T20:47:04.613+0000] {logging_mixin.py:188} INFO - [2026-03-10T20:47:04.613+0000] {dagbag.py:538} INFO - Filling up the DagBag from /opt/airflow/dags/mongo_to_pg_dag.py
[2026-03-10T20:47:04.708+0000] {logging_mixin.py:188} INFO - [2026-03-10T20:47:04.706+0000] {dagbag.py:348} ERROR - Failed to import: /opt/airflow/dags/mongo_to_pg_dag.py
Traceback (most recent call last):
  File "/home/airflow/.local/lib/python3.8/site-packages/airflow/models/dagbag.py", line 344, in parse
    loader.exec_module(new_module)
  File "<frozen importlib._bootstrap_external>", line 843, in exec_module
  File "<frozen importlib._bootstrap>", line 219, in _call_with_frames_removed
  File "/opt/airflow/dags/mongo_to_pg_dag.py", line 14, in <module>
    'start_date': datetime(2026, 1, 1),
NameError: name 'datetime' is not defined
[2026-03-10T20:47:04.709+0000] {processor.py:842} WARNING - No viable dags retrieved from /opt/airflow/dags/mongo_to_pg_dag.py
[2026-03-10T20:47:04.774+0000] {processor.py:183} INFO - Processing /opt/airflow/dags/mongo_to_pg_dag.py took 0.166 seconds
[2026-03-10T20:47:34.952+0000] {processor.py:161} INFO - Started process (PID=220) to work on /opt/airflow/dags/mongo_to_pg_dag.py
[2026-03-10T20:47:34.953+0000] {processor.py:830} INFO - Processing file /opt/airflow/dags/mongo_to_pg_dag.py for tasks to queue
[2026-03-10T20:47:34.954+0000] {logging_mixin.py:188} INFO - [2026-03-10T20:47:34.954+0000] {dagbag.py:538} INFO - Filling up the DagBag from /opt/airflow/dags/mongo_to_pg_dag.py
[2026-03-10T20:47:35.059+0000] {logging_mixin.py:188} INFO - [2026-03-10T20:47:35.056+0000] {dagbag.py:348} ERROR - Failed to import: /opt/airflow/dags/mongo_to_pg_dag.py
Traceback (most recent call last):
  File "/home/airflow/.local/lib/python3.8/site-packages/airflow/models/dagbag.py", line 344, in parse
    loader.exec_module(new_module)
  File "<frozen importlib._bootstrap_external>", line 843, in exec_module
  File "<frozen importlib._bootstrap>", line 219, in _call_with_frames_removed
  File "/opt/airflow/dags/mongo_to_pg_dag.py", line 14, in <module>
    'start_date': datetime(2026, 1, 1),
NameError: name 'datetime' is not defined
[2026-03-10T20:47:35.060+0000] {processor.py:842} WARNING - No viable dags retrieved from /opt/airflow/dags/mongo_to_pg_dag.py
[2026-03-10T20:47:35.140+0000] {processor.py:183} INFO - Processing /opt/airflow/dags/mongo_to_pg_dag.py took 0.193 seconds
[2026-03-10T20:47:44.024+0000] {processor.py:161} INFO - Started process (PID=225) to work on /opt/airflow/dags/mongo_to_pg_dag.py
[2026-03-10T20:47:44.025+0000] {processor.py:830} INFO - Processing file /opt/airflow/dags/mongo_to_pg_dag.py for tasks to queue
[2026-03-10T20:47:44.026+0000] {logging_mixin.py:188} INFO - [2026-03-10T20:47:44.026+0000] {dagbag.py:538} INFO - Filling up the DagBag from /opt/airflow/dags/mongo_to_pg_dag.py
[2026-03-10T20:47:44.147+0000] {processor.py:840} INFO - DAG(s) 'mongodb_to_postgres_etl' retrieved from /opt/airflow/dags/mongo_to_pg_dag.py
[2026-03-10T20:47:44.317+0000] {logging_mixin.py:188} INFO - [2026-03-10T20:47:44.316+0000] {override.py:1769} INFO - Created Permission View: can delete on DAG:mongodb_to_postgres_etl
[2026-03-10T20:47:44.324+0000] {logging_mixin.py:188} INFO - [2026-03-10T20:47:44.324+0000] {override.py:1769} INFO - Created Permission View: can edit on DAG:mongodb_to_postgres_etl
[2026-03-10T20:47:44.329+0000] {logging_mixin.py:188} INFO - [2026-03-10T20:47:44.328+0000] {override.py:1769} INFO - Created Permission View: can read on DAG:mongodb_to_postgres_etl
[2026-03-10T20:47:44.329+0000] {logging_mixin.py:188} INFO - [2026-03-10T20:47:44.329+0000] {dag.py:3036} INFO - Sync 1 DAGs
[2026-03-10T20:47:44.337+0000] {logging_mixin.py:188} INFO - [2026-03-10T20:47:44.336+0000] {dag.py:3058} INFO - Creating ORM DAG for mongodb_to_postgres_etl
[2026-03-10T20:47:44.344+0000] {logging_mixin.py:188} INFO - [2026-03-10T20:47:44.344+0000] {dag.py:3823} INFO - Setting next_dagrun for mongodb_to_postgres_etl to 2026-03-09 00:00:00+00:00, run_after=2026-03-10 00:00:00+00:00
[2026-03-10T20:47:44.361+0000] {processor.py:183} INFO - Processing /opt/airflow/dags/mongo_to_pg_dag.py took 0.341 seconds
[2026-03-10T20:48:14.526+0000] {processor.py:161} INFO - Started process (PID=235) to work on /opt/airflow/dags/mongo_to_pg_dag.py
[2026-03-10T20:48:14.528+0000] {processor.py:830} INFO - Processing file /opt/airflow/dags/mongo_to_pg_dag.py for tasks to queue
[2026-03-10T20:48:14.528+0000] {logging_mixin.py:188} INFO - [2026-03-10T20:48:14.528+0000] {dagbag.py:538} INFO - Filling up the DagBag from /opt/airflow/dags/mongo_to_pg_dag.py
[2026-03-10T20:48:14.624+0000] {processor.py:840} INFO - DAG(s) 'mongodb_to_postgres_etl' retrieved from /opt/airflow/dags/mongo_to_pg_dag.py
[2026-03-10T20:48:14.691+0000] {logging_mixin.py:188} INFO - [2026-03-10T20:48:14.690+0000] {dag.py:3036} INFO - Sync 1 DAGs
[2026-03-10T20:48:14.712+0000] {logging_mixin.py:188} INFO - [2026-03-10T20:48:14.712+0000] {dag.py:3823} INFO - Setting next_dagrun for mongodb_to_postgres_etl to 2026-03-10 00:00:00+00:00, run_after=2026-03-11 00:00:00+00:00
[2026-03-10T20:48:14.730+0000] {processor.py:183} INFO - Processing /opt/airflow/dags/mongo_to_pg_dag.py took 0.207 seconds
[2026-03-10T20:48:44.905+0000] {processor.py:161} INFO - Started process (PID=240) to work on /opt/airflow/dags/mongo_to_pg_dag.py
[2026-03-10T20:48:44.907+0000] {processor.py:830} INFO - Processing file /opt/airflow/dags/mongo_to_pg_dag.py for tasks to queue
[2026-03-10T20:48:44.908+0000] {logging_mixin.py:188} INFO - [2026-03-10T20:48:44.907+0000] {dagbag.py:538} INFO - Filling up the DagBag from /opt/airflow/dags/mongo_to_pg_dag.py
[2026-03-10T20:48:44.997+0000] {processor.py:840} INFO - DAG(s) 'mongodb_to_postgres_etl' retrieved from /opt/airflow/dags/mongo_to_pg_dag.py
[2026-03-10T20:48:45.026+0000] {logging_mixin.py:188} INFO - [2026-03-10T20:48:45.025+0000] {dag.py:3036} INFO - Sync 1 DAGs
[2026-03-10T20:48:45.044+0000] {logging_mixin.py:188} INFO - [2026-03-10T20:48:45.044+0000] {dag.py:3823} INFO - Setting next_dagrun for mongodb_to_postgres_etl to 2026-03-10 00:00:00+00:00, run_after=2026-03-11 00:00:00+00:00
[2026-03-10T20:48:45.101+0000] {processor.py:183} INFO - Processing /opt/airflow/dags/mongo_to_pg_dag.py took 0.199 seconds
[2026-03-10T20:49:15.276+0000] {processor.py:161} INFO - Started process (PID=245) to work on /opt/airflow/dags/mongo_to_pg_dag.py
[2026-03-10T20:49:15.277+0000] {processor.py:830} INFO - Processing file /opt/airflow/dags/mongo_to_pg_dag.py for tasks to queue
[2026-03-10T20:49:15.278+0000] {logging_mixin.py:188} INFO - [2026-03-10T20:49:15.278+0000] {dagbag.py:538} INFO - Filling up the DagBag from /opt/airflow/dags/mongo_to_pg_dag.py
[2026-03-10T20:49:15.379+0000] {processor.py:840} INFO - DAG(s) 'mongodb_to_postgres_etl' retrieved from /opt/airflow/dags/mongo_to_pg_dag.py
[2026-03-10T20:49:15.404+0000] {logging_mixin.py:188} INFO - [2026-03-10T20:49:15.404+0000] {dag.py:3036} INFO - Sync 1 DAGs
[2026-03-10T20:49:15.421+0000] {logging_mixin.py:188} INFO - [2026-03-10T20:49:15.421+0000] {dag.py:3823} INFO - Setting next_dagrun for mongodb_to_postgres_etl to 2026-03-10 00:00:00+00:00, run_after=2026-03-11 00:00:00+00:00
[2026-03-10T20:49:15.510+0000] {processor.py:183} INFO - Processing /opt/airflow/dags/mongo_to_pg_dag.py took 0.238 seconds
[2026-03-10T20:49:45.691+0000] {processor.py:161} INFO - Started process (PID=250) to work on /opt/airflow/dags/mongo_to_pg_dag.py
[2026-03-10T20:49:45.693+0000] {processor.py:830} INFO - Processing file /opt/airflow/dags/mongo_to_pg_dag.py for tasks to queue
[2026-03-10T20:49:45.694+0000] {logging_mixin.py:188} INFO - [2026-03-10T20:49:45.693+0000] {dagbag.py:538} INFO - Filling up the DagBag from /opt/airflow/dags/mongo_to_pg_dag.py
[2026-03-10T20:49:45.804+0000] {processor.py:840} INFO - DAG(s) 'mongodb_to_postgres_etl' retrieved from /opt/airflow/dags/mongo_to_pg_dag.py
[2026-03-10T20:49:45.830+0000] {logging_mixin.py:188} INFO - [2026-03-10T20:49:45.829+0000] {dag.py:3036} INFO - Sync 1 DAGs
[2026-03-10T20:49:45.850+0000] {logging_mixin.py:188} INFO - [2026-03-10T20:49:45.850+0000] {dag.py:3823} INFO - Setting next_dagrun for mongodb_to_postgres_etl to 2026-03-10 00:00:00+00:00, run_after=2026-03-11 00:00:00+00:00
[2026-03-10T20:49:45.909+0000] {processor.py:183} INFO - Processing /opt/airflow/dags/mongo_to_pg_dag.py took 0.221 seconds
[2026-03-10T20:50:16.081+0000] {processor.py:161} INFO - Started process (PID=255) to work on /opt/airflow/dags/mongo_to_pg_dag.py
[2026-03-10T20:50:16.082+0000] {processor.py:830} INFO - Processing file /opt/airflow/dags/mongo_to_pg_dag.py for tasks to queue
[2026-03-10T20:50:16.083+0000] {logging_mixin.py:188} INFO - [2026-03-10T20:50:16.083+0000] {dagbag.py:538} INFO - Filling up the DagBag from /opt/airflow/dags/mongo_to_pg_dag.py
[2026-03-10T20:50:16.179+0000] {processor.py:840} INFO - DAG(s) 'mongodb_to_postgres_etl' retrieved from /opt/airflow/dags/mongo_to_pg_dag.py
[2026-03-10T20:50:16.201+0000] {logging_mixin.py:188} INFO - [2026-03-10T20:50:16.201+0000] {dag.py:3036} INFO - Sync 1 DAGs
[2026-03-10T20:50:16.220+0000] {logging_mixin.py:188} INFO - [2026-03-10T20:50:16.220+0000] {dag.py:3823} INFO - Setting next_dagrun for mongodb_to_postgres_etl to 2026-03-10 00:00:00+00:00, run_after=2026-03-11 00:00:00+00:00
[2026-03-10T20:50:16.236+0000] {processor.py:183} INFO - Processing /opt/airflow/dags/mongo_to_pg_dag.py took 0.159 seconds
[2026-03-10T20:50:46.404+0000] {processor.py:161} INFO - Started process (PID=260) to work on /opt/airflow/dags/mongo_to_pg_dag.py
[2026-03-10T20:50:46.406+0000] {processor.py:830} INFO - Processing file /opt/airflow/dags/mongo_to_pg_dag.py for tasks to queue
[2026-03-10T20:50:46.407+0000] {logging_mixin.py:188} INFO - [2026-03-10T20:50:46.406+0000] {dagbag.py:538} INFO - Filling up the DagBag from /opt/airflow/dags/mongo_to_pg_dag.py
[2026-03-10T20:50:46.494+0000] {processor.py:840} INFO - DAG(s) 'mongodb_to_postgres_etl' retrieved from /opt/airflow/dags/mongo_to_pg_dag.py
[2026-03-10T20:50:46.516+0000] {logging_mixin.py:188} INFO - [2026-03-10T20:50:46.516+0000] {dag.py:3036} INFO - Sync 1 DAGs
[2026-03-10T20:50:46.534+0000] {logging_mixin.py:188} INFO - [2026-03-10T20:50:46.534+0000] {dag.py:3823} INFO - Setting next_dagrun for mongodb_to_postgres_etl to 2026-03-10 00:00:00+00:00, run_after=2026-03-11 00:00:00+00:00
[2026-03-10T20:50:46.549+0000] {processor.py:183} INFO - Processing /opt/airflow/dags/mongo_to_pg_dag.py took 0.148 seconds
[2026-03-10T20:51:16.734+0000] {processor.py:161} INFO - Started process (PID=265) to work on /opt/airflow/dags/mongo_to_pg_dag.py
[2026-03-10T20:51:16.735+0000] {processor.py:830} INFO - Processing file /opt/airflow/dags/mongo_to_pg_dag.py for tasks to queue
[2026-03-10T20:51:16.736+0000] {logging_mixin.py:188} INFO - [2026-03-10T20:51:16.736+0000] {dagbag.py:538} INFO - Filling up the DagBag from /opt/airflow/dags/mongo_to_pg_dag.py
[2026-03-10T20:51:16.881+0000] {processor.py:840} INFO - DAG(s) 'mongodb_to_postgres_etl' retrieved from /opt/airflow/dags/mongo_to_pg_dag.py
[2026-03-10T20:51:16.909+0000] {logging_mixin.py:188} INFO - [2026-03-10T20:51:16.908+0000] {dag.py:3036} INFO - Sync 1 DAGs
[2026-03-10T20:51:16.930+0000] {logging_mixin.py:188} INFO - [2026-03-10T20:51:16.930+0000] {dag.py:3823} INFO - Setting next_dagrun for mongodb_to_postgres_etl to 2026-03-10 00:00:00+00:00, run_after=2026-03-11 00:00:00+00:00
[2026-03-10T20:51:16.957+0000] {processor.py:183} INFO - Processing /opt/airflow/dags/mongo_to_pg_dag.py took 0.227 seconds
[2026-03-10T20:51:47.130+0000] {processor.py:161} INFO - Started process (PID=270) to work on /opt/airflow/dags/mongo_to_pg_dag.py
[2026-03-10T20:51:47.131+0000] {processor.py:830} INFO - Processing file /opt/airflow/dags/mongo_to_pg_dag.py for tasks to queue
[2026-03-10T20:51:47.132+0000] {logging_mixin.py:188} INFO - [2026-03-10T20:51:47.132+0000] {dagbag.py:538} INFO - Filling up the DagBag from /opt/airflow/dags/mongo_to_pg_dag.py
[2026-03-10T20:51:47.224+0000] {processor.py:840} INFO - DAG(s) 'mongodb_to_postgres_etl' retrieved from /opt/airflow/dags/mongo_to_pg_dag.py
[2026-03-10T20:51:47.247+0000] {logging_mixin.py:188} INFO - [2026-03-10T20:51:47.246+0000] {dag.py:3036} INFO - Sync 1 DAGs
[2026-03-10T20:51:47.262+0000] {logging_mixin.py:188} INFO - [2026-03-10T20:51:47.262+0000] {dag.py:3823} INFO - Setting next_dagrun for mongodb_to_postgres_etl to 2026-03-10 00:00:00+00:00, run_after=2026-03-11 00:00:00+00:00
[2026-03-10T20:51:47.355+0000] {processor.py:183} INFO - Processing /opt/airflow/dags/mongo_to_pg_dag.py took 0.228 seconds
[2026-03-10T20:52:17.532+0000] {processor.py:161} INFO - Started process (PID=275) to work on /opt/airflow/dags/mongo_to_pg_dag.py
[2026-03-10T20:52:17.533+0000] {processor.py:830} INFO - Processing file /opt/airflow/dags/mongo_to_pg_dag.py for tasks to queue
[2026-03-10T20:52:17.534+0000] {logging_mixin.py:188} INFO - [2026-03-10T20:52:17.533+0000] {dagbag.py:538} INFO - Filling up the DagBag from /opt/airflow/dags/mongo_to_pg_dag.py
[2026-03-10T20:52:17.648+0000] {processor.py:840} INFO - DAG(s) 'mongodb_to_postgres_etl' retrieved from /opt/airflow/dags/mongo_to_pg_dag.py
[2026-03-10T20:52:17.672+0000] {logging_mixin.py:188} INFO - [2026-03-10T20:52:17.671+0000] {dag.py:3036} INFO - Sync 1 DAGs
[2026-03-10T20:52:17.691+0000] {logging_mixin.py:188} INFO - [2026-03-10T20:52:17.691+0000] {dag.py:3823} INFO - Setting next_dagrun for mongodb_to_postgres_etl to 2026-03-10 00:00:00+00:00, run_after=2026-03-11 00:00:00+00:00
[2026-03-10T20:52:17.752+0000] {processor.py:183} INFO - Processing /opt/airflow/dags/mongo_to_pg_dag.py took 0.223 seconds
[2026-03-10T20:52:47.928+0000] {processor.py:161} INFO - Started process (PID=289) to work on /opt/airflow/dags/mongo_to_pg_dag.py
[2026-03-10T20:52:47.929+0000] {processor.py:830} INFO - Processing file /opt/airflow/dags/mongo_to_pg_dag.py for tasks to queue
[2026-03-10T20:52:47.930+0000] {logging_mixin.py:188} INFO - [2026-03-10T20:52:47.930+0000] {dagbag.py:538} INFO - Filling up the DagBag from /opt/airflow/dags/mongo_to_pg_dag.py
[2026-03-10T20:52:48.036+0000] {processor.py:840} INFO - DAG(s) 'mongodb_to_postgres_etl' retrieved from /opt/airflow/dags/mongo_to_pg_dag.py
[2026-03-10T20:52:48.060+0000] {logging_mixin.py:188} INFO - [2026-03-10T20:52:48.060+0000] {dag.py:3036} INFO - Sync 1 DAGs
[2026-03-10T20:52:48.078+0000] {logging_mixin.py:188} INFO - [2026-03-10T20:52:48.078+0000] {dag.py:3823} INFO - Setting next_dagrun for mongodb_to_postgres_etl to 2026-03-10 00:00:00+00:00, run_after=2026-03-11 00:00:00+00:00
[2026-03-10T20:52:48.137+0000] {processor.py:183} INFO - Processing /opt/airflow/dags/mongo_to_pg_dag.py took 0.212 seconds
[2026-03-10T20:53:18.309+0000] {processor.py:161} INFO - Started process (PID=303) to work on /opt/airflow/dags/mongo_to_pg_dag.py
[2026-03-10T20:53:18.310+0000] {processor.py:830} INFO - Processing file /opt/airflow/dags/mongo_to_pg_dag.py for tasks to queue
[2026-03-10T20:53:18.311+0000] {logging_mixin.py:188} INFO - [2026-03-10T20:53:18.311+0000] {dagbag.py:538} INFO - Filling up the DagBag from /opt/airflow/dags/mongo_to_pg_dag.py
[2026-03-10T20:53:18.421+0000] {processor.py:840} INFO - DAG(s) 'mongodb_to_postgres_etl' retrieved from /opt/airflow/dags/mongo_to_pg_dag.py
[2026-03-10T20:53:18.447+0000] {logging_mixin.py:188} INFO - [2026-03-10T20:53:18.447+0000] {dag.py:3036} INFO - Sync 1 DAGs
[2026-03-10T20:53:18.466+0000] {logging_mixin.py:188} INFO - [2026-03-10T20:53:18.466+0000] {dag.py:3823} INFO - Setting next_dagrun for mongodb_to_postgres_etl to 2026-03-10 00:00:00+00:00, run_after=2026-03-11 00:00:00+00:00
[2026-03-10T20:53:18.484+0000] {processor.py:183} INFO - Processing /opt/airflow/dags/mongo_to_pg_dag.py took 0.178 seconds
[2026-03-10T20:53:48.666+0000] {processor.py:161} INFO - Started process (PID=317) to work on /opt/airflow/dags/mongo_to_pg_dag.py
[2026-03-10T20:53:48.667+0000] {processor.py:830} INFO - Processing file /opt/airflow/dags/mongo_to_pg_dag.py for tasks to queue
[2026-03-10T20:53:48.668+0000] {logging_mixin.py:188} INFO - [2026-03-10T20:53:48.668+0000] {dagbag.py:538} INFO - Filling up the DagBag from /opt/airflow/dags/mongo_to_pg_dag.py
[2026-03-10T20:53:48.765+0000] {processor.py:840} INFO - DAG(s) 'mongodb_to_postgres_etl' retrieved from /opt/airflow/dags/mongo_to_pg_dag.py
[2026-03-10T20:53:48.788+0000] {logging_mixin.py:188} INFO - [2026-03-10T20:53:48.787+0000] {dag.py:3036} INFO - Sync 1 DAGs
[2026-03-10T20:53:48.806+0000] {logging_mixin.py:188} INFO - [2026-03-10T20:53:48.806+0000] {dag.py:3823} INFO - Setting next_dagrun for mongodb_to_postgres_etl to 2026-03-10 00:00:00+00:00, run_after=2026-03-11 00:00:00+00:00
[2026-03-10T20:53:48.902+0000] {processor.py:183} INFO - Processing /opt/airflow/dags/mongo_to_pg_dag.py took 0.239 seconds
[2026-03-10T20:54:19.076+0000] {processor.py:161} INFO - Started process (PID=322) to work on /opt/airflow/dags/mongo_to_pg_dag.py
[2026-03-10T20:54:19.077+0000] {processor.py:830} INFO - Processing file /opt/airflow/dags/mongo_to_pg_dag.py for tasks to queue
[2026-03-10T20:54:19.078+0000] {logging_mixin.py:188} INFO - [2026-03-10T20:54:19.078+0000] {dagbag.py:538} INFO - Filling up the DagBag from /opt/airflow/dags/mongo_to_pg_dag.py
[2026-03-10T20:54:19.177+0000] {processor.py:840} INFO - DAG(s) 'mongodb_to_postgres_etl' retrieved from /opt/airflow/dags/mongo_to_pg_dag.py
[2026-03-10T20:54:19.203+0000] {logging_mixin.py:188} INFO - [2026-03-10T20:54:19.202+0000] {dag.py:3036} INFO - Sync 1 DAGs
[2026-03-10T20:54:19.221+0000] {logging_mixin.py:188} INFO - [2026-03-10T20:54:19.221+0000] {dag.py:3823} INFO - Setting next_dagrun for mongodb_to_postgres_etl to 2026-03-10 00:00:00+00:00, run_after=2026-03-11 00:00:00+00:00
[2026-03-10T20:54:19.237+0000] {processor.py:183} INFO - Processing /opt/airflow/dags/mongo_to_pg_dag.py took 0.165 seconds
[2026-03-10T20:54:49.416+0000] {processor.py:161} INFO - Started process (PID=327) to work on /opt/airflow/dags/mongo_to_pg_dag.py
[2026-03-10T20:54:49.417+0000] {processor.py:830} INFO - Processing file /opt/airflow/dags/mongo_to_pg_dag.py for tasks to queue
[2026-03-10T20:54:49.418+0000] {logging_mixin.py:188} INFO - [2026-03-10T20:54:49.418+0000] {dagbag.py:538} INFO - Filling up the DagBag from /opt/airflow/dags/mongo_to_pg_dag.py
[2026-03-10T20:54:49.519+0000] {processor.py:840} INFO - DAG(s) 'mongodb_to_postgres_etl' retrieved from /opt/airflow/dags/mongo_to_pg_dag.py
[2026-03-10T20:54:49.545+0000] {logging_mixin.py:188} INFO - [2026-03-10T20:54:49.545+0000] {dag.py:3036} INFO - Sync 1 DAGs
[2026-03-10T20:54:49.564+0000] {logging_mixin.py:188} INFO - [2026-03-10T20:54:49.564+0000] {dag.py:3823} INFO - Setting next_dagrun for mongodb_to_postgres_etl to 2026-03-10 00:00:00+00:00, run_after=2026-03-11 00:00:00+00:00
[2026-03-10T20:54:49.581+0000] {processor.py:183} INFO - Processing /opt/airflow/dags/mongo_to_pg_dag.py took 0.168 seconds
[2026-03-10T20:55:19.746+0000] {processor.py:161} INFO - Started process (PID=332) to work on /opt/airflow/dags/mongo_to_pg_dag.py
[2026-03-10T20:55:19.747+0000] {processor.py:830} INFO - Processing file /opt/airflow/dags/mongo_to_pg_dag.py for tasks to queue
[2026-03-10T20:55:19.748+0000] {logging_mixin.py:188} INFO - [2026-03-10T20:55:19.748+0000] {dagbag.py:538} INFO - Filling up the DagBag from /opt/airflow/dags/mongo_to_pg_dag.py
[2026-03-10T20:55:19.851+0000] {processor.py:840} INFO - DAG(s) 'mongodb_to_postgres_etl' retrieved from /opt/airflow/dags/mongo_to_pg_dag.py
[2026-03-10T20:55:19.876+0000] {logging_mixin.py:188} INFO - [2026-03-10T20:55:19.876+0000] {dag.py:3036} INFO - Sync 1 DAGs
[2026-03-10T20:55:19.893+0000] {logging_mixin.py:188} INFO - [2026-03-10T20:55:19.892+0000] {dag.py:3823} INFO - Setting next_dagrun for mongodb_to_postgres_etl to 2026-03-10 00:00:00+00:00, run_after=2026-03-11 00:00:00+00:00
[2026-03-10T20:55:19.950+0000] {processor.py:183} INFO - Processing /opt/airflow/dags/mongo_to_pg_dag.py took 0.208 seconds
[2026-03-10T20:55:50.117+0000] {processor.py:161} INFO - Started process (PID=337) to work on /opt/airflow/dags/mongo_to_pg_dag.py
[2026-03-10T20:55:50.119+0000] {processor.py:830} INFO - Processing file /opt/airflow/dags/mongo_to_pg_dag.py for tasks to queue
[2026-03-10T20:55:50.120+0000] {logging_mixin.py:188} INFO - [2026-03-10T20:55:50.119+0000] {dagbag.py:538} INFO - Filling up the DagBag from /opt/airflow/dags/mongo_to_pg_dag.py
[2026-03-10T20:55:50.220+0000] {processor.py:840} INFO - DAG(s) 'mongodb_to_postgres_etl' retrieved from /opt/airflow/dags/mongo_to_pg_dag.py
[2026-03-10T20:55:50.244+0000] {logging_mixin.py:188} INFO - [2026-03-10T20:55:50.243+0000] {dag.py:3036} INFO - Sync 1 DAGs
[2026-03-10T20:55:50.261+0000] {logging_mixin.py:188} INFO - [2026-03-10T20:55:50.261+0000] {dag.py:3823} INFO - Setting next_dagrun for mongodb_to_postgres_etl to 2026-03-10 00:00:00+00:00, run_after=2026-03-11 00:00:00+00:00
[2026-03-10T20:55:50.278+0000] {processor.py:183} INFO - Processing /opt/airflow/dags/mongo_to_pg_dag.py took 0.163 seconds
[2026-03-10T20:56:20.458+0000] {processor.py:161} INFO - Started process (PID=342) to work on /opt/airflow/dags/mongo_to_pg_dag.py
[2026-03-10T20:56:20.459+0000] {processor.py:830} INFO - Processing file /opt/airflow/dags/mongo_to_pg_dag.py for tasks to queue
[2026-03-10T20:56:20.459+0000] {logging_mixin.py:188} INFO - [2026-03-10T20:56:20.459+0000] {dagbag.py:538} INFO - Filling up the DagBag from /opt/airflow/dags/mongo_to_pg_dag.py
[2026-03-10T20:56:20.566+0000] {processor.py:840} INFO - DAG(s) 'mongodb_to_postgres_etl' retrieved from /opt/airflow/dags/mongo_to_pg_dag.py
[2026-03-10T20:56:20.589+0000] {logging_mixin.py:188} INFO - [2026-03-10T20:56:20.589+0000] {dag.py:3036} INFO - Sync 1 DAGs
[2026-03-10T20:56:20.607+0000] {logging_mixin.py:188} INFO - [2026-03-10T20:56:20.607+0000] {dag.py:3823} INFO - Setting next_dagrun for mongodb_to_postgres_etl to 2026-03-10 00:00:00+00:00, run_after=2026-03-11 00:00:00+00:00
[2026-03-10T20:56:20.621+0000] {processor.py:183} INFO - Processing /opt/airflow/dags/mongo_to_pg_dag.py took 0.166 seconds
[2026-03-10T20:56:50.791+0000] {processor.py:161} INFO - Started process (PID=347) to work on /opt/airflow/dags/mongo_to_pg_dag.py
[2026-03-10T20:56:50.792+0000] {processor.py:830} INFO - Processing file /opt/airflow/dags/mongo_to_pg_dag.py for tasks to queue
[2026-03-10T20:56:50.793+0000] {logging_mixin.py:188} INFO - [2026-03-10T20:56:50.793+0000] {dagbag.py:538} INFO - Filling up the DagBag from /opt/airflow/dags/mongo_to_pg_dag.py
[2026-03-10T20:56:50.890+0000] {processor.py:840} INFO - DAG(s) 'mongodb_to_postgres_etl' retrieved from /opt/airflow/dags/mongo_to_pg_dag.py
[2026-03-10T20:56:50.916+0000] {logging_mixin.py:188} INFO - [2026-03-10T20:56:50.916+0000] {dag.py:3036} INFO - Sync 1 DAGs
[2026-03-10T20:56:50.939+0000] {logging_mixin.py:188} INFO - [2026-03-10T20:56:50.939+0000] {dag.py:3823} INFO - Setting next_dagrun for mongodb_to_postgres_etl to 2026-03-10 00:00:00+00:00, run_after=2026-03-11 00:00:00+00:00
[2026-03-10T20:56:50.999+0000] {processor.py:183} INFO - Processing /opt/airflow/dags/mongo_to_pg_dag.py took 0.212 seconds
[2026-03-10T20:57:21.167+0000] {processor.py:161} INFO - Started process (PID=352) to work on /opt/airflow/dags/mongo_to_pg_dag.py
[2026-03-10T20:57:21.168+0000] {processor.py:830} INFO - Processing file /opt/airflow/dags/mongo_to_pg_dag.py for tasks to queue
[2026-03-10T20:57:21.169+0000] {logging_mixin.py:188} INFO - [2026-03-10T20:57:21.168+0000] {dagbag.py:538} INFO - Filling up the DagBag from /opt/airflow/dags/mongo_to_pg_dag.py
[2026-03-10T20:57:21.270+0000] {processor.py:840} INFO - DAG(s) 'mongodb_to_postgres_etl' retrieved from /opt/airflow/dags/mongo_to_pg_dag.py
[2026-03-10T20:57:21.293+0000] {logging_mixin.py:188} INFO - [2026-03-10T20:57:21.293+0000] {dag.py:3036} INFO - Sync 1 DAGs
[2026-03-10T20:57:21.311+0000] {logging_mixin.py:188} INFO - [2026-03-10T20:57:21.311+0000] {dag.py:3823} INFO - Setting next_dagrun for mongodb_to_postgres_etl to 2026-03-10 00:00:00+00:00, run_after=2026-03-11 00:00:00+00:00
[2026-03-10T20:57:21.333+0000] {processor.py:183} INFO - Processing /opt/airflow/dags/mongo_to_pg_dag.py took 0.169 seconds
[2026-03-10T20:57:51.503+0000] {processor.py:161} INFO - Started process (PID=357) to work on /opt/airflow/dags/mongo_to_pg_dag.py
[2026-03-10T20:57:51.504+0000] {processor.py:830} INFO - Processing file /opt/airflow/dags/mongo_to_pg_dag.py for tasks to queue
[2026-03-10T20:57:51.505+0000] {logging_mixin.py:188} INFO - [2026-03-10T20:57:51.505+0000] {dagbag.py:538} INFO - Filling up the DagBag from /opt/airflow/dags/mongo_to_pg_dag.py
[2026-03-10T20:57:51.604+0000] {processor.py:840} INFO - DAG(s) 'mongodb_to_postgres_etl' retrieved from /opt/airflow/dags/mongo_to_pg_dag.py
[2026-03-10T20:57:51.630+0000] {logging_mixin.py:188} INFO - [2026-03-10T20:57:51.630+0000] {dag.py:3036} INFO - Sync 1 DAGs
[2026-03-10T20:57:51.649+0000] {logging_mixin.py:188} INFO - [2026-03-10T20:57:51.649+0000] {dag.py:3823} INFO - Setting next_dagrun for mongodb_to_postgres_etl to 2026-03-10 00:00:00+00:00, run_after=2026-03-11 00:00:00+00:00
[2026-03-10T20:57:51.707+0000] {processor.py:183} INFO - Processing /opt/airflow/dags/mongo_to_pg_dag.py took 0.207 seconds
[2026-03-10T20:58:21.881+0000] {processor.py:161} INFO - Started process (PID=362) to work on /opt/airflow/dags/mongo_to_pg_dag.py
[2026-03-10T20:58:21.882+0000] {processor.py:830} INFO - Processing file /opt/airflow/dags/mongo_to_pg_dag.py for tasks to queue
[2026-03-10T20:58:21.883+0000] {logging_mixin.py:188} INFO - [2026-03-10T20:58:21.883+0000] {dagbag.py:538} INFO - Filling up the DagBag from /opt/airflow/dags/mongo_to_pg_dag.py
[2026-03-10T20:58:21.988+0000] {processor.py:840} INFO - DAG(s) 'mongodb_to_postgres_etl' retrieved from /opt/airflow/dags/mongo_to_pg_dag.py
[2026-03-10T20:58:22.014+0000] {logging_mixin.py:188} INFO - [2026-03-10T20:58:22.014+0000] {dag.py:3036} INFO - Sync 1 DAGs
[2026-03-10T20:58:22.033+0000] {logging_mixin.py:188} INFO - [2026-03-10T20:58:22.033+0000] {dag.py:3823} INFO - Setting next_dagrun for mongodb_to_postgres_etl to 2026-03-10 00:00:00+00:00, run_after=2026-03-11 00:00:00+00:00
[2026-03-10T20:58:22.049+0000] {processor.py:183} INFO - Processing /opt/airflow/dags/mongo_to_pg_dag.py took 0.171 seconds
[2026-03-10T20:58:52.223+0000] {processor.py:161} INFO - Started process (PID=367) to work on /opt/airflow/dags/mongo_to_pg_dag.py
[2026-03-10T20:58:52.225+0000] {processor.py:830} INFO - Processing file /opt/airflow/dags/mongo_to_pg_dag.py for tasks to queue
[2026-03-10T20:58:52.226+0000] {logging_mixin.py:188} INFO - [2026-03-10T20:58:52.226+0000] {dagbag.py:538} INFO - Filling up the DagBag from /opt/airflow/dags/mongo_to_pg_dag.py
[2026-03-10T20:58:52.333+0000] {processor.py:840} INFO - DAG(s) 'mongodb_to_postgres_etl' retrieved from /opt/airflow/dags/mongo_to_pg_dag.py
[2026-03-10T20:58:52.355+0000] {logging_mixin.py:188} INFO - [2026-03-10T20:58:52.355+0000] {dag.py:3036} INFO - Sync 1 DAGs
[2026-03-10T20:58:52.373+0000] {logging_mixin.py:188} INFO - [2026-03-10T20:58:52.373+0000] {dag.py:3823} INFO - Setting next_dagrun for mongodb_to_postgres_etl to 2026-03-10 00:00:00+00:00, run_after=2026-03-11 00:00:00+00:00
[2026-03-10T20:58:52.391+0000] {processor.py:183} INFO - Processing /opt/airflow/dags/mongo_to_pg_dag.py took 0.171 seconds
[2026-03-10T20:59:22.570+0000] {processor.py:161} INFO - Started process (PID=372) to work on /opt/airflow/dags/mongo_to_pg_dag.py
[2026-03-10T20:59:22.571+0000] {processor.py:830} INFO - Processing file /opt/airflow/dags/mongo_to_pg_dag.py for tasks to queue
[2026-03-10T20:59:22.572+0000] {logging_mixin.py:188} INFO - [2026-03-10T20:59:22.571+0000] {dagbag.py:538} INFO - Filling up the DagBag from /opt/airflow/dags/mongo_to_pg_dag.py
[2026-03-10T20:59:22.715+0000] {processor.py:840} INFO - DAG(s) 'mongodb_to_postgres_etl' retrieved from /opt/airflow/dags/mongo_to_pg_dag.py
[2026-03-10T20:59:22.741+0000] {logging_mixin.py:188} INFO - [2026-03-10T20:59:22.740+0000] {dag.py:3036} INFO - Sync 1 DAGs
[2026-03-10T20:59:22.764+0000] {logging_mixin.py:188} INFO - [2026-03-10T20:59:22.764+0000] {dag.py:3823} INFO - Setting next_dagrun for mongodb_to_postgres_etl to 2026-03-10 00:00:00+00:00, run_after=2026-03-11 00:00:00+00:00
[2026-03-10T20:59:22.786+0000] {processor.py:183} INFO - Processing /opt/airflow/dags/mongo_to_pg_dag.py took 0.219 seconds
[2026-03-10T20:59:52.956+0000] {processor.py:161} INFO - Started process (PID=377) to work on /opt/airflow/dags/mongo_to_pg_dag.py
[2026-03-10T20:59:52.957+0000] {processor.py:830} INFO - Processing file /opt/airflow/dags/mongo_to_pg_dag.py for tasks to queue
[2026-03-10T20:59:52.958+0000] {logging_mixin.py:188} INFO - [2026-03-10T20:59:52.958+0000] {dagbag.py:538} INFO - Filling up the DagBag from /opt/airflow/dags/mongo_to_pg_dag.py
[2026-03-10T20:59:53.059+0000] {processor.py:840} INFO - DAG(s) 'mongodb_to_postgres_etl' retrieved from /opt/airflow/dags/mongo_to_pg_dag.py
[2026-03-10T20:59:53.084+0000] {logging_mixin.py:188} INFO - [2026-03-10T20:59:53.084+0000] {dag.py:3036} INFO - Sync 1 DAGs
[2026-03-10T20:59:53.103+0000] {logging_mixin.py:188} INFO - [2026-03-10T20:59:53.103+0000] {dag.py:3823} INFO - Setting next_dagrun for mongodb_to_postgres_etl to 2026-03-10 00:00:00+00:00, run_after=2026-03-11 00:00:00+00:00
[2026-03-10T20:59:53.118+0000] {processor.py:183} INFO - Processing /opt/airflow/dags/mongo_to_pg_dag.py took 0.165 seconds
[2026-03-10T21:00:23.288+0000] {processor.py:161} INFO - Started process (PID=382) to work on /opt/airflow/dags/mongo_to_pg_dag.py
[2026-03-10T21:00:23.289+0000] {processor.py:830} INFO - Processing file /opt/airflow/dags/mongo_to_pg_dag.py for tasks to queue
[2026-03-10T21:00:23.290+0000] {logging_mixin.py:188} INFO - [2026-03-10T21:00:23.289+0000] {dagbag.py:538} INFO - Filling up the DagBag from /opt/airflow/dags/mongo_to_pg_dag.py
[2026-03-10T21:00:23.392+0000] {processor.py:840} INFO - DAG(s) 'mongodb_to_postgres_etl' retrieved from /opt/airflow/dags/mongo_to_pg_dag.py
[2026-03-10T21:00:23.416+0000] {logging_mixin.py:188} INFO - [2026-03-10T21:00:23.416+0000] {dag.py:3036} INFO - Sync 1 DAGs
[2026-03-10T21:00:23.432+0000] {logging_mixin.py:188} INFO - [2026-03-10T21:00:23.432+0000] {dag.py:3823} INFO - Setting next_dagrun for mongodb_to_postgres_etl to 2026-03-10 00:00:00+00:00, run_after=2026-03-11 00:00:00+00:00
[2026-03-10T21:00:23.452+0000] {processor.py:183} INFO - Processing /opt/airflow/dags/mongo_to_pg_dag.py took 0.168 seconds
[2026-03-10T21:00:31.340+0000] {processor.py:161} INFO - Started process (PID=387) to work on /opt/airflow/dags/mongo_to_pg_dag.py
[2026-03-10T21:00:31.342+0000] {processor.py:830} INFO - Processing file /opt/airflow/dags/mongo_to_pg_dag.py for tasks to queue
[2026-03-10T21:00:31.342+0000] {logging_mixin.py:188} INFO - [2026-03-10T21:00:31.342+0000] {dagbag.py:538} INFO - Filling up the DagBag from /opt/airflow/dags/mongo_to_pg_dag.py
[2026-03-10T21:00:31.465+0000] {processor.py:840} INFO - DAG(s) 'mongodb_to_postgres_etl' retrieved from /opt/airflow/dags/mongo_to_pg_dag.py
[2026-03-10T21:00:31.496+0000] {logging_mixin.py:188} INFO - [2026-03-10T21:00:31.496+0000] {dag.py:3036} INFO - Sync 1 DAGs
[2026-03-10T21:00:31.518+0000] {logging_mixin.py:188} INFO - [2026-03-10T21:00:31.518+0000] {dag.py:3823} INFO - Setting next_dagrun for mongodb_to_postgres_etl to 2026-03-10 00:00:00+00:00, run_after=2026-03-11 00:00:00+00:00
[2026-03-10T21:00:31.539+0000] {processor.py:183} INFO - Processing /opt/airflow/dags/mongo_to_pg_dag.py took 0.201 seconds
[2026-03-10T21:01:01.704+0000] {processor.py:161} INFO - Started process (PID=392) to work on /opt/airflow/dags/mongo_to_pg_dag.py
[2026-03-10T21:01:01.705+0000] {processor.py:830} INFO - Processing file /opt/airflow/dags/mongo_to_pg_dag.py for tasks to queue
[2026-03-10T21:01:01.706+0000] {logging_mixin.py:188} INFO - [2026-03-10T21:01:01.706+0000] {dagbag.py:538} INFO - Filling up the DagBag from /opt/airflow/dags/mongo_to_pg_dag.py
[2026-03-10T21:01:01.806+0000] {processor.py:840} INFO - DAG(s) 'mongodb_to_postgres_etl' retrieved from /opt/airflow/dags/mongo_to_pg_dag.py
[2026-03-10T21:01:01.830+0000] {logging_mixin.py:188} INFO - [2026-03-10T21:01:01.830+0000] {dag.py:3036} INFO - Sync 1 DAGs
[2026-03-10T21:01:01.849+0000] {logging_mixin.py:188} INFO - [2026-03-10T21:01:01.848+0000] {dag.py:3823} INFO - Setting next_dagrun for mongodb_to_postgres_etl to 2026-03-10 00:00:00+00:00, run_after=2026-03-11 00:00:00+00:00
[2026-03-10T21:01:01.865+0000] {processor.py:183} INFO - Processing /opt/airflow/dags/mongo_to_pg_dag.py took 0.164 seconds
[2026-03-10T21:01:32.041+0000] {processor.py:161} INFO - Started process (PID=397) to work on /opt/airflow/dags/mongo_to_pg_dag.py
[2026-03-10T21:01:32.042+0000] {processor.py:830} INFO - Processing file /opt/airflow/dags/mongo_to_pg_dag.py for tasks to queue
[2026-03-10T21:01:32.044+0000] {logging_mixin.py:188} INFO - [2026-03-10T21:01:32.043+0000] {dagbag.py:538} INFO - Filling up the DagBag from /opt/airflow/dags/mongo_to_pg_dag.py
[2026-03-10T21:01:32.154+0000] {processor.py:840} INFO - DAG(s) 'mongodb_to_postgres_etl' retrieved from /opt/airflow/dags/mongo_to_pg_dag.py
[2026-03-10T21:01:32.180+0000] {logging_mixin.py:188} INFO - [2026-03-10T21:01:32.180+0000] {dag.py:3036} INFO - Sync 1 DAGs
[2026-03-10T21:01:32.201+0000] {logging_mixin.py:188} INFO - [2026-03-10T21:01:32.201+0000] {dag.py:3823} INFO - Setting next_dagrun for mongodb_to_postgres_etl to 2026-03-10 00:00:00+00:00, run_after=2026-03-11 00:00:00+00:00
[2026-03-10T21:01:32.259+0000] {processor.py:183} INFO - Processing /opt/airflow/dags/mongo_to_pg_dag.py took 0.223 seconds
